#separator \x09
#set_separator	,
#empty_field	(empty)
#unset_field	-
#path	ocsp
#open	2023-03-21-12-17-08
#fields	ts	id	hashAlgorithm	issuerNameHash	issuerKeyHash	serialNumber	certStatus	revoketime	revokereason	thisUpdate	nextUpdate
#types	time	string	string	string	string	string	string	time	string	time	time
1679414399.947514	FkaPHA1Cph59GBEnSj	sha1	C72E798ADDFF6134B3BAED4742B8BBC6C0240763	8A747FAF85CDEE95CD3D9CD0E24614F371351D27	9F745ADAD950AC1F121D53C904F3D7DA	good	-	-	1679322947.000000	1679924146.000000
1679414400.136831	FZxSlF4TDlN2qJ3TJ	sha1	C72E798ADDFF6134B3BAED4742B8BBC6C0240763	8A747FAF85CDEE95CD3D9CD0E24614F371351D27	1E28928F53138DD70A73D36F20C58ED7	good	-	-	1679322956.000000	1679924155.000000
1679414400.150532	FCFuCD49Xg2mfnksFg	sha1	C72E798ADDFF6134B3BAED4742B8BBC6C0240763	8A747FAF85CDEE95CD3D9CD0E24614F371351D27	4851571D80125BF21290F95AAF281BEE	good	-	-	1679322945.000000	1679924144.000000
1679414400.174564	FYVvwvEQsiGY6R2Rl	sha1	C72E798ADDFF6134B3BAED4742B8BBC6C0240763	8A747FAF85CDEE95CD3D9CD0E24614F371351D27	4851571D80125BF21290F95AAF281BEE	good	-	-	1679410841.000000	1680012040.000000
1679414400.260934	FoVYTx2ZI51CDASL13	sha1	C72E798ADDFF6134B3BAED4742B8BBC6C0240763	8A747FAF85CDEE95CD3D9CD0E24614F371351D27	4851571D80125BF21290F95AAF281BEE	good	-	-	1679322945.000000	1679924144.000000
1679414400.283428	FT1Z5t3jR32UMGumfb	sha1	C72E798ADDFF6134B3BAED4742B8BBC6C0240763	8A747FAF85CDEE95CD3D9CD0E24614F371351D27	4851571D80125BF21290F95AAF281BEE	good	-	-	1679322945.000000	1679924144.000000
1679414401.510759	Fj8wjw1aXGq4JQDPTe	sha1	C72E798ADDFF6134B3BAED4742B8BBC6C0240763	8A747FAF85CDEE95CD3D9CD0E24614F371351D27	032B76D6AAC6DB830A2A09C20F18E0DC	good	-	-	1679322605.000000	1679923804.000000
1679414401.701326	FFHZNN3e4PEbsU8w4d	sha1	C72E798ADDFF6134B3BAED4742B8BBC6C0240763	8A747FAF85CDEE95CD3D9CD0E24614F371351D27	6B4B1F8B614C88FD121849E8B347CB7E	good	-	-	1679322945.000000	1679924144.000000
1679414401.783003	FMtm2v1IVlOrv4Qyrh	sha1	C72E798ADDFF6134B3BAED4742B8BBC6C0240763	8A747FAF85CDEE95CD3D9CD0E24614F371351D27	1E28928F53138DD70A73D36F20C58ED7	good	-	-	1679322956.000000	1679924155.000000
1679414401.790695	FlnIKkQaKZLl7mr9j	sha1	C72E798ADDFF6134B3BAED4742B8BBC6C0240763	8A747FAF85CDEE95CD3D9CD0E24614F371351D27	1E28928F53138DD70A73D36F20C58ED7	good	-	-	1679322956.000000	1679924155.000000
1679414401.817745	FDUwbd3xJ8HAqMeLKh	sha1	C72E798ADDFF6134B3BAED4742B8BBC6C0240763	8A747FAF85CDEE95CD3D9CD0E24614F371351D27	6B4B1F8B614C88FD121849E8B347CB7E	good	-	-	1679410841.000000	1680012040.000000
1679414401.973099	FlZvWn4l5yME0af624	sha1	C72E798ADDFF6134B3BAED4742B8BBC6C0240763	8A747FAF85CDEE95CD3D9CD0E24614F371351D27	5564783A36D9529112D91E78AAAD65D0	good	-	-	1679322686.000000	1679923885.000000
1679414402.079634	F53aCV29v9Efc2uIX5	sha1	C72E798ADDFF6134B3BAED4742B8BBC6C0240763	8A747FAF85CDEE95CD3D9CD0E24614F371351D27	5564783A36D9529112D91E78AAAD65D0	good	-	-	1679322686.000000	1679923885.000000
1679414402.788617	FNAMm43NpLL8YkFVAi	sha1	C72E798ADDFF6134B3BAED4742B8BBC6C0240763	8A747FAF85CDEE95CD3D9CD0E24614F371351D27	28B4CE5449A7CF700A6421496ED39792	good	-	-	1679410841.000000	1680012040.000000
1679414402.908659	FXgiUj11RxDvSxaiOh	sha1	C72E798ADDFF6134B3BAED4742B8BBC6C0240763	8A747FAF85CDEE95CD3D9CD0E24614F371351D27	28B4CE5449A7CF700A6421496ED39792	good	-	-	1679322945.000000	1679924144.000000
1679414402.911241	Fx67lG4f5o8T6suRRl	sha1	C72E798ADDFF6134B3BAED4742B8BBC6C0240763	8A747FAF85CDEE95CD3D9CD0E24614F371351D27	C5153B187140B7B712A5D7240ED3775F	good	-	-	1679322947.000000	1679924146.000000
1679414403.021154	FSP27w4tUAeks89u74	sha1	C72E798ADDFF6134B3BAED4742B8BBC6C0240763	8A747FAF85CDEE95CD3D9CD0E24614F371351D27	C5153B187140B7B712A5D7240ED3775F	good	-	-	1679322947.000000	1679924146.000000
1679414433.226814	FhOW9A19uKZrROpHH9	sha1	C72E798ADDFF6134B3BAED4742B8BBC6C0240763	8A747FAF85CDEE95CD3D9CD0E24614F371351D27	B7C4DE6ECDBE662A0ADBA79728BBF7F5	good	-	-	1679322687.000000	1679923886.000000
1679414433.349787	F4lQ2q25w9XRkWpR9d	sha1	C72E798ADDFF6134B3BAED4742B8BBC6C0240763	8A747FAF85CDEE95CD3D9CD0E24614F371351D27	B7C4DE6ECDBE662A0ADBA79728BBF7F5	good	-	-	1679322687.000000	1679923886.000000
1679414441.077395	F19XFh27Nc6Cpxf1h	sha1	C72E798ADDFF6134B3BAED4742B8BBC6C0240763	8A747FAF85CDEE95CD3D9CD0E24614F371351D27	B7C4DE6ECDBE662A0ADBA79728BBF7F5	good	-	-	1679322687.000000	1679923886.000000
1679414441.613193	FznTo13anLHXtNavFd	sha1	C72E798ADDFF6134B3BAED4742B8BBC6C0240763	8A747FAF85CDEE95CD3D9CD0E24614F371351D27	5564783A36D9529112D91E78AAAD65D0	good	-	-	1679322686.000000	1679923885.000000
1679414441.816484	FKRiUZEkTtuHhc0W	sha1	C72E798ADDFF6134B3BAED4742B8BBC6C0240763	8A747FAF85CDEE95CD3D9CD0E24614F371351D27	4851571D80125BF21290F95AAF281BEE	good	-	-	1679410841.000000	1680012040.000000
1679414441.820670	F6lo4X3Va0EBgdiV78	sha1	C72E798ADDFF6134B3BAED4742B8BBC6C0240763	8A747FAF85CDEE95CD3D9CD0E24614F371351D27	4851571D80125BF21290F95AAF281BEE	good	-	-	1679322945.000000	1679924144.000000
1679414442.000502	FvrdGc4wBf8hXGmfHl	sha1	48DAC9A0FB2BD32D4FF0DE68D2F567B735F9B3C4	142EB317B75856CBAE500940E61FAF9D8B14C2C6	039916B0E3ACC7AB970E31C0EEB63E83BF39	good	-	-	1679259600.000000	1679864398.000000
1679414477.358481	FApAerZZtwhqn8yM4	sha1	C72E798ADDFF6134B3BAED4742B8BBC6C0240763	8A747FAF85CDEE95CD3D9CD0E24614F371351D27	B7C4DE6ECDBE662A0ADBA79728BBF7F5	good	-	-	1679322687.000000	1679923886.000000
1679414477.799703	FcsMUR1XwMm005Hgll	sha1	C72E798ADDFF6134B3BAED4742B8BBC6C0240763	8A747FAF85CDEE95CD3D9CD0E24614F371351D27	1E28928F53138DD70A73D36F20C58ED7	good	-	-	1679322956.000000	1679924155.000000
1679414477.804241	FFp5db3hSZcer7GHJc	sha1	C72E798ADDFF6134B3BAED4742B8BBC6C0240763	8A747FAF85CDEE95CD3D9CD0E24614F371351D27	28B4CE5449A7CF700A6421496ED39792	good	-	-	1679322945.000000	1679924144.000000
1679414477.910886	F0TYm12d0eSSwOc6t8	sha1	B6080D5F6C6B76EB13E438A5F8660BA85233344E	40C2BD278ECC348330A233D7FB6CB3F0B42C80CE	9EA4317256AE92B5	good	-	-	1679374139.000000	1679503739.000000
1679414477.916271	FLHdzbXO9IZoUM5Sg	sha1	B6080D5F6C6B76EB13E438A5F8660BA85233344E	40C2BD278ECC348330A233D7FB6CB3F0B42C80CE	9EA4317256AE92B5	good	-	-	1679374139.000000	1679503739.000000
1679414477.929415	FHRZY019rqVjzg1Hl5	sha1	B6080D5F6C6B76EB13E438A5F8660BA85233344E	40C2BD278ECC348330A233D7FB6CB3F0B42C80CE	9EA4317256AE92B5	good	-	-	1679374139.000000	1679503739.000000
1679414481.931194	F390s94QmzHBFyEJA7	sha1	E4E395A229D3D4C1C31FF0980C0B4EC0098AABD8	B76BA2EAA8AA848C79EAB4DA0F98B2C59576B9F4	0771C98396889BF63DF0BAB7B387C2B5	good	-	-	1679169782.000000	1679771882.000000
1679414482.617576	FOxaid1MwU7fzSoSb8	sha1	C72E798ADDFF6134B3BAED4742B8BBC6C0240763	8A747FAF85CDEE95CD3D9CD0E24614F371351D27	B7C4DE6ECDBE662A0ADBA79728BBF7F5	good	-	-	1679322687.000000	1679923886.000000
1679414492.983788	FVQHJ91Kj8SxwaxRD8	sha1	48DAC9A0FB2BD32D4FF0DE68D2F567B735F9B3C4	142EB317B75856CBAE500940E61FAF9D8B14C2C6	04AAB20D25DF49D0F016302B62F968549FDA	good	-	-	1679263200.000000	1679867998.000000
1679414493.216008	FG7Wbc1RyCwZKbwF3d	sha1	C72E798ADDFF6134B3BAED4742B8BBC6C0240763	8A747FAF85CDEE95CD3D9CD0E24614F371351D27	5564783A36D9529112D91E78AAAD65D0	good	-	-	1679322686.000000	1679923885.000000
1679414493.218927	F9iYzpvc66nBLpAQk	sha1	C72E798ADDFF6134B3BAED4742B8BBC6C0240763	8A747FAF85CDEE95CD3D9CD0E24614F371351D27	032B76D6AAC6DB830A2A09C20F18E0DC	good	-	-	1679322605.000000	1679923804.000000
1679414495.980068	Fsm9Noxgy1KZzOgL3	sha1	48DAC9A0FB2BD32D4FF0DE68D2F567B735F9B3C4	142EB317B75856CBAE500940E61FAF9D8B14C2C6	03BD858D874425363F726911B01C4948D405	good	-	-	1679310000.000000	1679914798.000000
1679414496.113505	FTwtVt30jNkgNyp1Qe	sha1	48DAC9A0FB2BD32D4FF0DE68D2F567B735F9B3C4	142EB317B75856CBAE500940E61FAF9D8B14C2C6	043EEA10912E1C79AA4EC95CC71F2BD3ABEC	good	-	-	1679277600.000000	1679882398.000000
1679414496.200954	F5Xyb04Xd4Z19gZB3g	sha1	082E3FF9058CFE8A7C18BD13EFDF1D1660707A6B	C8D97868A2D91968D53D72DE5F0A3EDCB58686A6	E83B1C638034DC94779E17F8A1DFDF68	good	-	-	1679216818.000000	1679821617.000000
1679414519.639822	F2LSTV1qT4Ihzim2ul	sha1	F566AB705743B529C622D2077370590733EB80AC	254581685026383D3B2D2CBECD6AD9B63DB36663	9499528BCE7F2351	good	-	-	1679364479.000000	1679494079.000000
1679414520.527148	FGwPS44iCDYPSH8JVi	sha1	C72E798ADDFF6134B3BAED4742B8BBC6C0240763	8A747FAF85CDEE95CD3D9CD0E24614F371351D27	5564783A36D9529112D91E78AAAD65D0	good	-	-	1679409411.000000	1680010610.000000
1679414520.533269	FfES943FZrfP394r68	sha1	C72E798ADDFF6134B3BAED4742B8BBC6C0240763	8A747FAF85CDEE95CD3D9CD0E24614F371351D27	5564783A36D9529112D91E78AAAD65D0	good	-	-	1679409411.000000	1680010610.000000
1679414520.742225	FSAHlQ2a2HMLJNp3i9	sha1	C72E798ADDFF6134B3BAED4742B8BBC6C0240763	8A747FAF85CDEE95CD3D9CD0E24614F371351D27	4851571D80125BF21290F95AAF281BEE	good	-	-	1679322945.000000	1679924144.000000
1679414520.742261	FhGKBaDxCdWfxwPaa	sha1	C72E798ADDFF6134B3BAED4742B8BBC6C0240763	8A747FAF85CDEE95CD3D9CD0E24614F371351D27	4851571D80125BF21290F95AAF281BEE	good	-	-	1679322945.000000	1679924144.000000
1679414545.351976	FQXN6G2TPITmS8Hd5j	sha1	C72E798ADDFF6134B3BAED4742B8BBC6C0240763	8A747FAF85CDEE95CD3D9CD0E24614F371351D27	A64CD0792CFBF8190A2D434E9039257F	good	-	-	1679322956.000000	1679924155.000000
1679414545.352319	FZD44O1iqnWnuGr6Bc	sha1	C72E798ADDFF6134B3BAED4742B8BBC6C0240763	8A747FAF85CDEE95CD3D9CD0E24614F371351D27	A64CD0792CFBF8190A2D434E9039257F	good	-	-	1679322956.000000	1679924155.000000
1679414545.379880	FoC9vI22a31I2nSlK7	sha1	C72E798ADDFF6134B3BAED4742B8BBC6C0240763	8A747FAF85CDEE95CD3D9CD0E24614F371351D27	A64CD0792CFBF8190A2D434E9039257F	good	-	-	1679322956.000000	1679924155.000000
1679414545.464235	FQJkaD17Mo74LY6V7k	sha1	C72E798ADDFF6134B3BAED4742B8BBC6C0240763	8A747FAF85CDEE95CD3D9CD0E24614F371351D27	A64CD0792CFBF8190A2D434E9039257F	good	-	-	1679322956.000000	1679924155.000000
1679414547.262767	Fl9cRx1rxOCX0K55y3	sha1	12D78B402C356206FA827F8ED8922411B4ACF504	A5CE37EAEBB0750E946788B445FAD9241087961F	0140152DB39A30885F8FFBD1216743D6	good	-	-	1679393341.000000	1679995441.000000
1679414547.262830	Flx29g19anUNxAnHba	sha1	C72E798ADDFF6134B3BAED4742B8BBC6C0240763	8A747FAF85CDEE95CD3D9CD0E24614F371351D27	0993C29C9351526912AEA923B421C171	good	-	-	1679322956.000000	1679924155.000000
1679414547.379716	FQGzFFQCnkGpPhBH3	sha1	C72E798ADDFF6134B3BAED4742B8BBC6C0240763	8A747FAF85CDEE95CD3D9CD0E24614F371351D27	0993C29C9351526912AEA923B421C171	good	-	-	1679322956.000000	1679924155.000000
1679414547.731461	FWZ5X3ZlX8g0vYXH6	sha1	C72E798ADDFF6134B3BAED4742B8BBC6C0240763	8A747FAF85CDEE95CD3D9CD0E24614F371351D27	5564783A36D9529112D91E78AAAD65D0	good	-	-	1679322686.000000	1679923885.000000
1679414547.795709	FQj8R21bQyHkB6CHw9	sha1	C72E798ADDFF6134B3BAED4742B8BBC6C0240763	8A747FAF85CDEE95CD3D9CD0E24614F371351D27	B7C4DE6ECDBE662A0ADBA79728BBF7F5	good	-	-	1679322687.000000	1679923886.000000
1679414547.795735	FIeCRGlWULpoO9bc	sha1	C72E798ADDFF6134B3BAED4742B8BBC6C0240763	8A747FAF85CDEE95CD3D9CD0E24614F371351D27	B7C4DE6ECDBE662A0ADBA79728BBF7F5	good	-	-	1679409413.000000	1680010612.000000
1679414547.809789	FGhhbc1rhk4NlMhdrd	sha1	17D9D24A25BB59BAF91DEABB4BD9D44A0F31D98C	FA9139639AFBAD1024E5BEB5B9DAABD9C44669AB	012CAC2D6FFFA6723AF754ECABD8E5C6	good	-	-	1679389200.000000	1679432400.000000
1679414548.115548	FuYAOZ1iLVQ1JrzrE8	sha1	12D78B402C356206FA827F8ED8922411B4ACF504	A5CE37EAEBB0750E946788B445FAD9241087961F	0140152DB39A30885F8FFBD1216743D6	good	-	-	1679393341.000000	1679995441.000000
1679414548.127279	FGkw1j2UJowShMM6Xa	sha1	12D78B402C356206FA827F8ED8922411B4ACF504	A5CE37EAEBB0750E946788B445FAD9241087961F	0140152DB39A30885F8FFBD1216743D6	good	-	-	1679393341.000000	1679995441.000000
1679414548.250548	FxWGY1vHAQfnSUuXf	sha1	E4E395A229D3D4C1C31FF0980C0B4EC0098AABD8	B76BA2EAA8AA848C79EAB4DA0F98B2C59576B9F4	02572E331A92AE6D3306A0DCBB356863	good	-	-	1679399461.000000	1680001561.000000
1679414548.250904	FuWhLi3XaahOd8e873	sha1	E4E395A229D3D4C1C31FF0980C0B4EC0098AABD8	B76BA2EAA8AA848C79EAB4DA0F98B2C59576B9F4	02572E331A92AE6D3306A0DCBB356863	good	-	-	1679399461.000000	1680001561.000000
1679414548.566609	FHnYNz4wKCEhy2ty88	sha1	C72E798ADDFF6134B3BAED4742B8BBC6C0240763	8A747FAF85CDEE95CD3D9CD0E24614F371351D27	C7A69F976BBB01010A28164340BAA8F8	good	-	-	1679322697.000000	1679923896.000000
1679414548.626134	FBrx9JkDxGMRtWZa9	sha1	A17551059D2110D201B9081B73338F1C3CC7BD5F	81B80E638A891218E5FA3B3B50959FE6E5901385	0F2EC55BC91CF13F29F390A11D78E72B	good	-	-	1679386861.000000	1679988961.000000
1679414548.982231	FXPQiB2ECNSGo4X8t6	sha1	C72E798ADDFF6134B3BAED4742B8BBC6C0240763	8A747FAF85CDEE95CD3D9CD0E24614F371351D27	4851571D80125BF21290F95AAF281BEE	good	-	-	1679410841.000000	1680012040.000000
1679414548.988205	FN5uHr1KJ7dlPV79Jk	sha1	C72E798ADDFF6134B3BAED4742B8BBC6C0240763	8A747FAF85CDEE95CD3D9CD0E24614F371351D27	4851571D80125BF21290F95AAF281BEE	good	-	-	1679322945.000000	1679924144.000000
1679414552.215327	FeID9v4r9t3sex3OEj	sha1	C72E798ADDFF6134B3BAED4742B8BBC6C0240763	8A747FAF85CDEE95CD3D9CD0E24614F371351D27	1E28928F53138DD70A73D36F20C58ED7	good	-	-	1679322956.000000	1679924155.000000
1679414552.216089	Fq26F0275kYVIQCnA7	sha1	C72E798ADDFF6134B3BAED4742B8BBC6C0240763	8A747FAF85CDEE95CD3D9CD0E24614F371351D27	1E28928F53138DD70A73D36F20C58ED7	good	-	-	1679322956.000000	1679924155.000000
1679414559.365021	F2TJEUYuq9hWZsRg6	sha1	8C0450EA53434941D65D1065376E4863D05A11AD	25E2180EB25791942AE5D45D869083DE53B3B892	15ECF7914DF4653C10A9F9F87F8FFBD5	good	-	-	1679389178.000000	1679990377.000000
1679414559.550833	Fo4ACg1XvsgBdaqwc	sha1	8C0450EA53434941D65D1065376E4863D05A11AD	25E2180EB25791942AE5D45D869083DE53B3B892	15ECF7914DF4653C10A9F9F87F8FFBD5	good	-	-	1679389178.000000	1679990377.000000
1679414560.224220	Fk55rq1G7qsUgaHGFk	sha1	8C0450EA53434941D65D1065376E4863D05A11AD	25E2180EB25791942AE5D45D869083DE53B3B892	212DE0132BFCE26810314A62FCC42EDD	good	-	-	1679375243.000000	1679976442.000000
1679414560.492175	FNcSEJ1sf5HL1oRPV2	sha1	430BD20E4F137A1A6C918F24E5DA7E324D4733C8	8D8C5EC454AD8AE177E99BF99B05E1B8018D61E1	8E7540E57BA3CCE12034460B3717C9E9	good	-	-	1679393083.000000	1679997882.000000
1679414560.502064	FWkQ1H174nJki0hxH1	sha1	430BD20E4F137A1A6C918F24E5DA7E324D4733C8	8D8C5EC454AD8AE177E99BF99B05E1B8018D61E1	8E7540E57BA3CCE12034460B3717C9E9	good	-	-	1679393083.000000	1679997882.000000
1679414560.584796	FavaWA3gss6FVhr2Vl	sha1	8C0450EA53434941D65D1065376E4863D05A11AD	25E2180EB25791942AE5D45D869083DE53B3B892	212DE0132BFCE26810314A62FCC42EDD	good	-	-	1679375243.000000	1679976442.000000
1679414560.588930	FmS8JF3v0sykPaKap8	sha1	8C0450EA53434941D65D1065376E4863D05A11AD	25E2180EB25791942AE5D45D869083DE53B3B892	838C6B5869F5DA1610AC84E70C147144	good	-	-	1679407397.000000	1680008596.000000
1679414560.642818	Fa8swu1XpklE1y20N3	sha1	430BD20E4F137A1A6C918F24E5DA7E324D4733C8	8D8C5EC454AD8AE177E99BF99B05E1B8018D61E1	8E7540E57BA3CCE12034460B3717C9E9	good	-	-	1679393083.000000	1679997882.000000
1679414560.651023	FmWz0u1ebIj1DEgOj9	sha1	430BD20E4F137A1A6C918F24E5DA7E324D4733C8	8D8C5EC454AD8AE177E99BF99B05E1B8018D61E1	8E7540E57BA3CCE12034460B3717C9E9	good	-	-	1679393083.000000	1679997882.000000
1679414560.658312	F5nNd2fvxrUdVl89g	sha1	430BD20E4F137A1A6C918F24E5DA7E324D4733C8	8D8C5EC454AD8AE177E99BF99B05E1B8018D61E1	8E7540E57BA3CCE12034460B3717C9E9	good	-	-	1679393083.000000	1679997882.000000
1679414560.760856	FhlrHl3LJj4vxb2dDb	sha1	8C0450EA53434941D65D1065376E4863D05A11AD	25E2180EB25791942AE5D45D869083DE53B3B892	838C6B5869F5DA1610AC84E70C147144	good	-	-	1679407397.000000	1680008596.000000
1679414560.824090	F2DMOI3ciPEtYT1k7j	sha1	430BD20E4F137A1A6C918F24E5DA7E324D4733C8	8D8C5EC454AD8AE177E99BF99B05E1B8018D61E1	8E7540E57BA3CCE12034460B3717C9E9	good	-	-	1679393083.000000	1679997882.000000
1679414561.165557	FwvR8B10nELCQOyF2c	sha1	C72E798ADDFF6134B3BAED4742B8BBC6C0240763	8A747FAF85CDEE95CD3D9CD0E24614F371351D27	B7C4DE6ECDBE662A0ADBA79728BBF7F5	good	-	-	1679322687.000000	1679923886.000000
1679414561.225473	FogjAb1GXll3jg6cY3	sha1	8C0450EA53434941D65D1065376E4863D05A11AD	25E2180EB25791942AE5D45D869083DE53B3B892	83B2325AF08C8C880971F6146649A2A1	good	-	-	1679425638.000000	1680026837.000000
1679414561.225473	FWx0FA1OpyfYH9ithl	sha1	8C0450EA53434941D65D1065376E4863D05A11AD	25E2180EB25791942AE5D45D869083DE53B3B892	83B2325AF08C8C880971F6146649A2A1	good	-	-	1679425638.000000	1680026837.000000
1679414561.384124	FlX1MvuG7aD5TcAK4	sha1	8C0450EA53434941D65D1065376E4863D05A11AD	25E2180EB25791942AE5D45D869083DE53B3B892	83B2325AF08C8C880971F6146649A2A1	good	-	-	1679425638.000000	1680026837.000000
1679414566.329766	FrPY1w1eMHz4XN1m1k	sha1	C72E798ADDFF6134B3BAED4742B8BBC6C0240763	8A747FAF85CDEE95CD3D9CD0E24614F371351D27	1E28928F53138DD70A73D36F20C58ED7	good	-	-	1679322956.000000	1679924155.000000
1679414566.330812	F1lKH445JxJqEHhACb	sha1	C72E798ADDFF6134B3BAED4742B8BBC6C0240763	8A747FAF85CDEE95CD3D9CD0E24614F371351D27	1E28928F53138DD70A73D36F20C58ED7	good	-	-	1679322956.000000	1679924155.000000
1679414566.352555	FIUfUP31s86R63Rtgi	sha1	C72E798ADDFF6134B3BAED4742B8BBC6C0240763	8A747FAF85CDEE95CD3D9CD0E24614F371351D27	1E28928F53138DD70A73D36F20C58ED7	good	-	-	1679409390.000000	1680010589.000000
1679414566.354489	FlcbkM2sc9rC2yvnoi	sha1	C72E798ADDFF6134B3BAED4742B8BBC6C0240763	8A747FAF85CDEE95CD3D9CD0E24614F371351D27	1E28928F53138DD70A73D36F20C58ED7	good	-	-	1679322956.000000	1679924155.000000
1679414629.536335	F9cjxWeNGbU934lDe	sha1	2B1D1E98CCF37604D6C1C8BD15A224C804130038	0ABC0829178CA5396D7A0ECE33C72EB3EDFBC37A	0CFA4C0400D134E8734B3498A6D19F98	good	-	-	1679374262.000000	1679976362.000000
1679414630.064067	FMgdJ142Mx1R73iPOc	sha1	C72E798ADDFF6134B3BAED4742B8BBC6C0240763	8A747FAF85CDEE95CD3D9CD0E24614F371351D27	B7C4DE6ECDBE662A0ADBA79728BBF7F5	good	-	-	1679322687.000000	1679923886.000000
1679414630.176831	F7lfuT2094LafxtLD4	sha1	2B1D1E98CCF37604D6C1C8BD15A224C804130038	0ABC0829178CA5396D7A0ECE33C72EB3EDFBC37A	0A52C02900E8D163C5DD0FBE2617B5E0	good	-	-	1679359142.000000	1679961242.000000
1679414635.047395	Fj1Rna4lY851M4geqj	sha1	430BD20E4F137A1A6C918F24E5DA7E324D4733C8	8D8C5EC454AD8AE177E99BF99B05E1B8018D61E1	A2FD86979C2F801117DBA8F42F9F5368	good	-	-	1679384257.000000	1679989056.000000
1679414635.807655	FrFcNl2BL13agvep09	sha1	430BD20E4F137A1A6C918F24E5DA7E324D4733C8	8D8C5EC454AD8AE177E99BF99B05E1B8018D61E1	07642D7B8315BE4E7F725475E8140BE2	good	-	-	1679299745.000000	1679904544.000000
1679414689.693652	FsRAiZ2SQmRtvqpWpd	sha1	C72E798ADDFF6134B3BAED4742B8BBC6C0240763	8A747FAF85CDEE95CD3D9CD0E24614F371351D27	B7C4DE6ECDBE662A0ADBA79728BBF7F5	good	-	-	1679322687.000000	1679923886.000000
1679414690.347134	F9L50F4YcTUMMwDRqb	sha1	666D0B709C89E4BE4BEBEC134547E4B695360F8C	C03152CD5A50C3827C7471CECBE99CF97AEB82E2	0864DB91E366A767FCB9CA84FB455FD2	good	-	-	1679347981.000000	1679950081.000000
1679414691.067192	Fzvwtg3X6WLM7Vpk3	sha1	A17551059D2110D201B9081B73338F1C3CC7BD5F	81B80E638A891218E5FA3B3B50959FE6E5901385	068332ADCD5A2377077E7940FA6E0833	good	-	-	1679423581.000000	1680025681.000000
1679414716.106592	FuMJVm3ZSt1c01wqyj	sha1	48DAC9A0FB2BD32D4FF0DE68D2F567B735F9B3C4	142EB317B75856CBAE500940E61FAF9D8B14C2C6	033EF612557DF062B51F268F2C04EC50CFD3	good	-	-	1679238000.000000	1679842798.000000
1679414716.431977	FxeMgS1zhk30yvlEXa	sha1	C72E798ADDFF6134B3BAED4742B8BBC6C0240763	8A747FAF85CDEE95CD3D9CD0E24614F371351D27	B7C4DE6ECDBE662A0ADBA79728BBF7F5	good	-	-	1679409413.000000	1680010612.000000
1679414723.850697	F9e76w4Iw0I9W8hzx6	sha1	0C9E4D9C3DEDEF84D891E972C7CF8406BC197B07	96DE61F1BD1C1629531CC0CC7D3B830040E61A7C	3AF490E4ABC6AFF97612A1D6	good	-	-	1679420155.000000	1679765754.000000
1679414724.128863	FpsXUUuaEMstY4HFi	sha1	6B7064FE6A7443DC2D6D5B79ECACA7AE5C2EC33F	F8EF7FF2CD7867A8DE6F8F248D88F1870302B3EB	57FC0635C1BBC7B71DF689D8	good	-	-	1679422841.000000	1679768440.000000
1679414724.132355	FSgSq4vFwEeZXc1I	sha1	6B7064FE6A7443DC2D6D5B79ECACA7AE5C2EC33F	F8EF7FF2CD7867A8DE6F8F248D88F1870302B3EB	57FC0635C1BBC7B71DF689D8	good	-	-	1679422841.000000	1679768440.000000
1679414724.144742	FDl7dn4RNt9shQWKb2	sha1	6B7064FE6A7443DC2D6D5B79ECACA7AE5C2EC33F	F8EF7FF2CD7867A8DE6F8F248D88F1870302B3EB	57FC0635C1BBC7B71DF689D8	good	-	-	1679422841.000000	1679768440.000000
1679414724.185297	FAXikO36IJ6tooOvT1	sha1	C72E798ADDFF6134B3BAED4742B8BBC6C0240763	8A747FAF85CDEE95CD3D9CD0E24614F371351D27	4851571D80125BF21290F95AAF281BEE	good	-	-	1679322945.000000	1679924144.000000
1679414724.212253	F8BrLB2HBkvGVnVdub	sha1	C72E798ADDFF6134B3BAED4742B8BBC6C0240763	8A747FAF85CDEE95CD3D9CD0E24614F371351D27	4851571D80125BF21290F95AAF281BEE	good	-	-	1679322945.000000	1679924144.000000
1679414724.216325	FFXQo52u66K4LcGzL4	sha1	C72E798ADDFF6134B3BAED4742B8BBC6C0240763	8A747FAF85CDEE95CD3D9CD0E24614F371351D27	4851571D80125BF21290F95AAF281BEE	good	-	-	1679322945.000000	1679924144.000000
1679414724.222492	FbjNsgTNgyLBJ3Oi9	sha1	C72E798ADDFF6134B3BAED4742B8BBC6C0240763	8A747FAF85CDEE95CD3D9CD0E24614F371351D27	4851571D80125BF21290F95AAF281BEE	good	-	-	1679322945.000000	1679924144.000000
1679414724.312744	F05UTC2DPekCS5UeY9	sha1	C72E798ADDFF6134B3BAED4742B8BBC6C0240763	8A747FAF85CDEE95CD3D9CD0E24614F371351D27	B7C4DE6ECDBE662A0ADBA79728BBF7F5	good	-	-	1679322687.000000	1679923886.000000
1679414724.570528	FvjYMb2KBbw7cCCoR2	sha1	0C9E4D9C3DEDEF84D891E972C7CF8406BC197B07	96DE61F1BD1C1629531CC0CC7D3B830040E61A7C	36E95FE39659B630730FB87B	good	-	-	1679425714.000000	1679771313.000000
1679414724.727207	FOtWfg2LisTysUgAsf	sha1	C72E798ADDFF6134B3BAED4742B8BBC6C0240763	8A747FAF85CDEE95CD3D9CD0E24614F371351D27	1E28928F53138DD70A73D36F20C58ED7	good	-	-	1679322956.000000	1679924155.000000
1679414724.729501	FJtDQx2Be5ptaUM4D4	sha1	C72E798ADDFF6134B3BAED4742B8BBC6C0240763	8A747FAF85CDEE95CD3D9CD0E24614F371351D27	28B4CE5449A7CF700A6421496ED39792	good	-	-	1679322945.000000	1679924144.000000
1679414736.857484	Fhp4uo3wZoptRIFKBa	sha1	48DAC9A0FB2BD32D4FF0DE68D2F567B735F9B3C4	142EB317B75856CBAE500940E61FAF9D8B14C2C6	0300A5F885105926F3C6A893758DF7ADE255	good	-	-	1679270400.000000	1679875198.000000
1679414737.601495	FxKMFU3DlljqXWWFx9	sha1	C72E798ADDFF6134B3BAED4742B8BBC6C0240763	8A747FAF85CDEE95CD3D9CD0E24614F371351D27	5564783A36D9529112D91E78AAAD65D0	good	-	-	1679409411.000000	1680010610.000000
1679414737.616329	Fvec0OtOYb3dgHzX4	sha1	C72E798ADDFF6134B3BAED4742B8BBC6C0240763	8A747FAF85CDEE95CD3D9CD0E24614F371351D27	9F745ADAD950AC1F121D53C904F3D7DA	good	-	-	1679410843.000000	1680012042.000000
1679414737.756855	FUhwK83YJ1VQUlZL0a	sha1	430BD20E4F137A1A6C918F24E5DA7E324D4733C8	8D8C5EC454AD8AE177E99BF99B05E1B8018D61E1	6317FF15C23A7409F93E5B62F85E520D	good	-	-	1679318986.000000	1679923785.000000
1679414737.760032	F6alhn46sTGbaZCy9	sha1	430BD20E4F137A1A6C918F24E5DA7E324D4733C8	8D8C5EC454AD8AE177E99BF99B05E1B8018D61E1	6317FF15C23A7409F93E5B62F85E520D	good	-	-	1679318986.000000	1679923785.000000
1679414737.764442	FEVKH5WpINU8XEy0j	sha1	C72E798ADDFF6134B3BAED4742B8BBC6C0240763	8A747FAF85CDEE95CD3D9CD0E24614F371351D27	4851571D80125BF21290F95AAF281BEE	good	-	-	1679322945.000000	1679924144.000000
1679414737.792457	F1iEjI1wEfK0Qahxgj	sha1	C72E798ADDFF6134B3BAED4742B8BBC6C0240763	8A747FAF85CDEE95CD3D9CD0E24614F371351D27	4851571D80125BF21290F95AAF281BEE	good	-	-	1679322945.000000	1679924144.000000
1679414737.804604	FS9yL33uRzvJUqhcj6	sha1	C72E798ADDFF6134B3BAED4742B8BBC6C0240763	8A747FAF85CDEE95CD3D9CD0E24614F371351D27	4851571D80125BF21290F95AAF281BEE	good	-	-	1679322945.000000	1679924144.000000
1679414737.828907	FL2p6P3trPwYKsRDl	sha1	C72E798ADDFF6134B3BAED4742B8BBC6C0240763	8A747FAF85CDEE95CD3D9CD0E24614F371351D27	4851571D80125BF21290F95AAF281BEE	good	-	-	1679322945.000000	1679924144.000000
1679414737.842361	FdMSsXeNCFXyiNjid	sha1	C72E798ADDFF6134B3BAED4742B8BBC6C0240763	8A747FAF85CDEE95CD3D9CD0E24614F371351D27	B7C4DE6ECDBE662A0ADBA79728BBF7F5	good	-	-	1679322687.000000	1679923886.000000
1679414742.385065	FZb9iBXQYmJrrMibl	sha1	6B7064FE6A7443DC2D6D5B79ECACA7AE5C2EC33F	F8EF7FF2CD7867A8DE6F8F248D88F1870302B3EB	192C2FA592EAF1596DFAD8FF	good	-	-	1679423885.000000	1679769484.000000
1679414742.670789	FnKJdb4ACfxgY5Jm5c	sha1	6B7064FE6A7443DC2D6D5B79ECACA7AE5C2EC33F	F8EF7FF2CD7867A8DE6F8F248D88F1870302B3EB	425BFC7353AB2273E1EC9098	good	-	-	1679423500.000000	1679769099.000000
1679414742.697436	FqcuG92s9IhoSLhaR1	sha1	933232B4DE7362628418BEEE08CF27E7F4E24D74	587B8E752AFE6180AA904001AED6E807466E3F48	1D7C05885687DB83B4E2F5F8	good	-	-	1679422611.000000	1679768210.000000
1679414743.747956	FmTsF1N8ljlR34PQ7	sha1	B6080D5F6C6B76EB13E438A5F8660BA85233344E	40C2BD278ECC348330A233D7FB6CB3F0B42C80CE	0A8EF72E968E028B	good	-	-	1679358462.000000	1679488062.000000
1679414744.209328	FoQ0Q2GvRCLiZshh9	sha1	B6080D5F6C6B76EB13E438A5F8660BA85233344E	40C2BD278ECC348330A233D7FB6CB3F0B42C80CE	446479226F32347A	good	-	-	1679364680.000000	1679494280.000000
1679414774.117032	FR3On6DWsA4sye1B7	sha1	C72E798ADDFF6134B3BAED4742B8BBC6C0240763	8A747FAF85CDEE95CD3D9CD0E24614F371351D27	B7C4DE6ECDBE662A0ADBA79728BBF7F5	good	-	-	1679322687.000000	1679923886.000000
1679414774.882394	FpKBk146bipTILLhu8	sha1	3A1979741DCF77D3D6572B57CAFFF6F62B1D5A3A	EE9A2E46F0C2DA3C5CC78CD6A47598DEA8190A65	0C673E377885E4052335497A28F97F50	good	-	-	1679371022.000000	1679973122.000000
1679414775.009720	FPArEjyr1C96xnS07	sha1	CF26F518FAC97E8F8CB342E01C2F6A109E8E5F0A	5168FF90AF0207753CCCD9656462A212B859723B	01FFEEDEA1E59DF442D07CF1ADA22444	good	-	-	1679397302.000000	1679999402.000000
1679414775.012036	FswQj730JhCaIq71Zg	sha1	CF26F518FAC97E8F8CB342E01C2F6A109E8E5F0A	5168FF90AF0207753CCCD9656462A212B859723B	01FFEEDEA1E59DF442D07CF1ADA22444	good	-	-	1679397302.000000	1679999402.000000
1679414791.255898	FOXj4u4qlmKcP8Sr0e	sha1	48DAC9A0FB2BD32D4FF0DE68D2F567B735F9B3C4	142EB317B75856CBAE500940E61FAF9D8B14C2C6	043B2676F4D84597A7FC1F24B90BBD3A60DC	good	-	-	1679202000.000000	1679806798.000000
1679414791.532620	Fl6YR84JiADrudGyBh	sha1	48DAC9A0FB2BD32D4FF0DE68D2F567B735F9B3C4	142EB317B75856CBAE500940E61FAF9D8B14C2C6	040374CE16C8A5BAF1B898269F40CD10F5B9	good	-	-	1679310000.000000	1679914798.000000
1679414791.579230	FnKvQPGzJXaCoXpPk	sha1	C72E798ADDFF6134B3BAED4742B8BBC6C0240763	8A747FAF85CDEE95CD3D9CD0E24614F371351D27	B7C4DE6ECDBE662A0ADBA79728BBF7F5	good	-	-	1679409413.000000	1680010612.000000
1679414791.595920	FlqIN2zjgmGO1ZbV6	sha1	933232B4DE7362628418BEEE08CF27E7F4E24D74	587B8E752AFE6180AA904001AED6E807466E3F48	1735AFF4AFE0F4CDBCC46CAF	good	-	-	1679422596.000000	1679768195.000000
1679414791.600461	FZSQdH1lQajtz9fIQg	sha1	933232B4DE7362628418BEEE08CF27E7F4E24D74	587B8E752AFE6180AA904001AED6E807466E3F48	1735AFF4AFE0F4CDBCC46CAF	good	-	-	1679422596.000000	1679768195.000000
1679414791.632258	FVAd0S2XlRIrSDToN1	sha1	933232B4DE7362628418BEEE08CF27E7F4E24D74	587B8E752AFE6180AA904001AED6E807466E3F48	1735AFF4AFE0F4CDBCC46CAF	good	-	-	1679422596.000000	1679768195.000000
1679414791.972566	Fm1ndXnmQR2EEzsDf	sha1	933232B4DE7362628418BEEE08CF27E7F4E24D74	587B8E752AFE6180AA904001AED6E807466E3F48	51848FB63C7BC694228BB4E5	good	-	-	1679426118.000000	1679771717.000000
1679414791.972587	F0hBl64jhsslok9Deg	sha1	933232B4DE7362628418BEEE08CF27E7F4E24D74	587B8E752AFE6180AA904001AED6E807466E3F48	51848FB63C7BC694228BB4E5	good	-	-	1679426118.000000	1679771717.000000
1679414792.018847	FSRaGo2UZ1f95FGpVa	sha1	933232B4DE7362628418BEEE08CF27E7F4E24D74	587B8E752AFE6180AA904001AED6E807466E3F48	51848FB63C7BC694228BB4E5	good	-	-	1679426118.000000	1679771717.000000
1679414792.027081	FiBC7r4CeVHnMaiAtc	sha1	933232B4DE7362628418BEEE08CF27E7F4E24D74	587B8E752AFE6180AA904001AED6E807466E3F48	51848FB63C7BC694228BB4E5	good	-	-	1679426118.000000	1679771717.000000
1679414792.070190	FksCTN3xth8cEZowFl	sha1	933232B4DE7362628418BEEE08CF27E7F4E24D74	587B8E752AFE6180AA904001AED6E807466E3F48	51848FB63C7BC694228BB4E5	good	-	-	1679426118.000000	1679771717.000000
1679414792.075113	FuJUgP26dHgoVJkXNg	sha1	48DAC9A0FB2BD32D4FF0DE68D2F567B735F9B3C4	142EB317B75856CBAE500940E61FAF9D8B14C2C6	030C650419D2FEB932678DB630349574E1C8	good	-	-	1679331600.000000	1679936398.000000
1679414792.103404	FW1RsK895kKYb48Y7	sha1	8F7702DC0E21D05E555FA7C877EE1AE931EAD382	4FCBACA8C2EFABDD836F6BBFCE983D5C58257615	30ACDE209F54A6BC0BD845E2	good	-	-	1679422041.000000	1679767640.000000
1679414792.131148	FQIIMifomzzbNhH05	sha1	48DAC9A0FB2BD32D4FF0DE68D2F567B735F9B3C4	142EB317B75856CBAE500940E61FAF9D8B14C2C6	030CDF566CA1BC3C88DB68B530BA7A3801DE	good	-	-	1679263200.000000	1679867998.000000
1679414792.144978	FTP18GtZf1PJMt1g4	sha1	48DAC9A0FB2BD32D4FF0DE68D2F567B735F9B3C4	142EB317B75856CBAE500940E61FAF9D8B14C2C6	039198DE719B29B4CC90EAFED297DC779BF8	good	-	-	1679310000.000000	1679914798.000000
1679414792.172131	FUmgZo2sAUVBFgNDx	sha1	48DAC9A0FB2BD32D4FF0DE68D2F567B735F9B3C4	142EB317B75856CBAE500940E61FAF9D8B14C2C6	04A16074237E0EA7A328EE1B6D323F824A16	good	-	-	1679234400.000000	1679839198.000000
1679414792.288737	F2W7sz30SpUyjrTnM	sha1	430BD20E4F137A1A6C918F24E5DA7E324D4733C8	8D8C5EC454AD8AE177E99BF99B05E1B8018D61E1	14B6BF0387DCD9C12F168E91545E7F0D	good	-	-	1679427665.000000	1680032464.000000
1679414796.526119	F7xRKt3bw3eBc0p78a	sha1	C72E798ADDFF6134B3BAED4742B8BBC6C0240763	8A747FAF85CDEE95CD3D9CD0E24614F371351D27	9F745ADAD950AC1F121D53C904F3D7DA	good	-	-	1679410843.000000	1680012042.000000
1679414796.695061	Fh2NKD2SSBJfsQiku9	sha1	C72E798ADDFF6134B3BAED4742B8BBC6C0240763	8A747FAF85CDEE95CD3D9CD0E24614F371351D27	4851571D80125BF21290F95AAF281BEE	good	-	-	1679322945.000000	1679924144.000000
1679414799.339600	FDjHju2KxEniDplew1	sha1	6B7064FE6A7443DC2D6D5B79ECACA7AE5C2EC33F	F8EF7FF2CD7867A8DE6F8F248D88F1870302B3EB	038F84B736E22C0D9F8EFB8C	good	-	-	1679427018.000000	1679772617.000000
1679414800.542527	FGEeED3bzhOccChOTi	sha1	48DAC9A0FB2BD32D4FF0DE68D2F567B735F9B3C4	142EB317B75856CBAE500940E61FAF9D8B14C2C6	04A6F37AD337B39AFBFAE6A142488E9E0C32	good	-	-	1679259600.000000	1679864398.000000
1679414800.841166	F4ObG71OJsywak9qu3	sha1	48DAC9A0FB2BD32D4FF0DE68D2F567B735F9B3C4	142EB317B75856CBAE500940E61FAF9D8B14C2C6	04C84291323B2AAA2B147B67B4D4FF1A912C	good	-	-	1679259600.000000	1679864398.000000
1679414800.865524	FgjmYmbvoI6FTGoB8	sha1	48DAC9A0FB2BD32D4FF0DE68D2F567B735F9B3C4	142EB317B75856CBAE500940E61FAF9D8B14C2C6	03A52C3FF942E5C63C1D901754904DC89123	good	-	-	1679263200.000000	1679867998.000000
1679414800.865784	FAMW2s2goJt8nBCF2	sha1	2828E1C94506C213EDC35EAC058B3B41C4B61D87	0D98C0737FABBDBDD9474B49AD0A4A0CAC3EC77C	15CBE0D6C4CEC4867948F64B	good	-	-	1679422827.000000	1679768426.000000
1679414800.871292	FttxMc2WYThsFN4i37	sha1	430BD20E4F137A1A6C918F24E5DA7E324D4733C8	8D8C5EC454AD8AE177E99BF99B05E1B8018D61E1	DB345EB8FAA84C1C511487E57CE8D77C	good	-	-	1678870753.000000	1679475552.000000
1679414800.909078	FTUgaDAl4bhJrrN87	sha1	48DAC9A0FB2BD32D4FF0DE68D2F567B735F9B3C4	142EB317B75856CBAE500940E61FAF9D8B14C2C6	034D477F23D9344F5FF2C574126C9EC7C5D7	good	-	-	1679378400.000000	1679983198.000000
1679414800.963013	F6QTLH2PA4Y4jzxE1d	sha1	48DAC9A0FB2BD32D4FF0DE68D2F567B735F9B3C4	142EB317B75856CBAE500940E61FAF9D8B14C2C6	03C32C56BE49ADA42B483CF7A9EF6BC9543F	good	-	-	1679263200.000000	1679867998.000000
1679414801.000404	F7OWgD3vgbAXnvB1kh	sha1	48DAC9A0FB2BD32D4FF0DE68D2F567B735F9B3C4	142EB317B75856CBAE500940E61FAF9D8B14C2C6	034E00FF631A87A5047EC1CC8A6873C846C0	good	-	-	1679371200.000000	1679975998.000000
1679414801.009037	F1ruGYYdFYKRM3Sk1	sha1	48DAC9A0FB2BD32D4FF0DE68D2F567B735F9B3C4	142EB317B75856CBAE500940E61FAF9D8B14C2C6	03277E73BB037BB085A8ABF22E19A3B18564	good	-	-	1679360400.000000	1679965198.000000
1679414801.011618	F2b4uaYBv57bHB9Od	sha1	48DAC9A0FB2BD32D4FF0DE68D2F567B735F9B3C4	142EB317B75856CBAE500940E61FAF9D8B14C2C6	032B52FC8756021DA584302C78D9F767CF2F	good	-	-	1679310000.000000	1679914798.000000
1679414801.020932	FVNujX2Ix9FEeknnM9	sha1	48DAC9A0FB2BD32D4FF0DE68D2F567B735F9B3C4	142EB317B75856CBAE500940E61FAF9D8B14C2C6	032B52FC8756021DA584302C78D9F767CF2F	good	-	-	1679310000.000000	1679914798.000000
1679414801.021629	FrKQ3b1m4meby0pah3	sha1	8F7702DC0E21D05E555FA7C877EE1AE931EAD382	4FCBACA8C2EFABDD836F6BBFCE983D5C58257615	34CF7FBFC506E6A53BA9E815	good	-	-	1679427318.000000	1679772917.000000
1679414801.077058	F70wYo2E5kIayX1Tq6	sha1	84D56BF8098BD307B766D8E1EBAD6596AA6B6761	F5CDD53C0850F96A4F3AB797DA5683E669D268F7	4689635D4E22CD737D3AE324	good	-	-	1679421993.000000	1679767592.000000
1679414801.077073	FNQKZm1G8K5Aufbbb	sha1	8F7702DC0E21D05E555FA7C877EE1AE931EAD382	4FCBACA8C2EFABDD836F6BBFCE983D5C58257615	48D4276650DD71ED63500975	good	-	-	1679418464.000000	1679764063.000000
1679414801.099600	FRuYTZ1VAkDDBusowc	sha1	84D56BF8098BD307B766D8E1EBAD6596AA6B6761	F5CDD53C0850F96A4F3AB797DA5683E669D268F7	364D1B9931B799C11447F9BB	good	-	-	1679427488.000000	1679773087.000000
1679414801.259221	Fj9Wr915wmdkSrDUk	sha1	48DAC9A0FB2BD32D4FF0DE68D2F567B735F9B3C4	142EB317B75856CBAE500940E61FAF9D8B14C2C6	03144B8F4168BDC2931D200045ECD797E85B	good	-	-	1679310000.000000	1679914798.000000
1679414801.339617	FOR8Hx3w1TuPMxMQi9	sha1	21F3459A10CAA6C84BDA1E3962B127D5338A7C48	17D9D6252767F931C24943D93036448C6CA94FEB	E76A2BE69DC8A7AC12D413316B389890	good	-	-	1679152261.000000	1679757060.000000
1679414801.911083	F7njVk3LEDZHi32iu	sha1	B6080D5F6C6B76EB13E438A5F8660BA85233344E	40C2BD278ECC348330A233D7FB6CB3F0B42C80CE	F5A1427BA9665BCC	good	-	-	1679364233.000000	1679493833.000000
1679414802.133994	FEtS7T3Ru4SoWJlDg6	sha1	B6080D5F6C6B76EB13E438A5F8660BA85233344E	40C2BD278ECC348330A233D7FB6CB3F0B42C80CE	F5A1427BA9665BCC	good	-	-	1679364233.000000	1679493833.000000
1679414804.017235	F77wzy1QRoh2pwhVF4	sha1	6B7064FE6A7443DC2D6D5B79ECACA7AE5C2EC33F	F8EF7FF2CD7867A8DE6F8F248D88F1870302B3EB	054FE6C075D2DAD96C0839AD	good	-	-	1679422393.000000	1679767992.000000
1679414804.031155	FZx6JG3ZaWvAoYMhx9	sha1	933232B4DE7362628418BEEE08CF27E7F4E24D74	587B8E752AFE6180AA904001AED6E807466E3F48	3C8896E23E10A38F2E0ED573	good	-	-	1679425848.000000	1679771447.000000
1679414805.185824	FOcTBP1zvGGLQEw6qi	sha1	6B7064FE6A7443DC2D6D5B79ECACA7AE5C2EC33F	F8EF7FF2CD7867A8DE6F8F248D88F1870302B3EB	5848A8DB6BFCCD0EBE431209	good	-	-	1679422229.000000	1679767828.000000
1679414805.822035	F0Drci17yhkJgZPMf	sha1	933232B4DE7362628418BEEE08CF27E7F4E24D74	587B8E752AFE6180AA904001AED6E807466E3F48	46919C5847E7E647BBC45939	good	-	-	1679418053.000000	1679763652.000000
1679414825.995400	Fp6MAg2w9YtV3yHd2	sha1	48DAC9A0FB2BD32D4FF0DE68D2F567B735F9B3C4	142EB317B75856CBAE500940E61FAF9D8B14C2C6	04038178147C015CA02D72CAE22DCBF6A579	good	-	-	1679259600.000000	1679864398.000000
1679414826.170396	FOstry2wBAMl6eZtCi	sha1	48DAC9A0FB2BD32D4FF0DE68D2F567B735F9B3C4	142EB317B75856CBAE500940E61FAF9D8B14C2C6	04038178147C015CA02D72CAE22DCBF6A579	good	-	-	1679259600.000000	1679864398.000000
1679414826.996943	FAPq8v2q2GYEPDQzOl	sha1	3A1979741DCF77D3D6572B57CAFFF6F62B1D5A3A	EE9A2E46F0C2DA3C5CC78CD6A47598DEA8190A65	0C673E377885E4052335497A28F97F50	good	-	-	1679371022.000000	1679973122.000000
1679414827.096557	FdO1Ny3W36OJApA1Td	sha1	CF26F518FAC97E8F8CB342E01C2F6A109E8E5F0A	5168FF90AF0207753CCCD9656462A212B859723B	01FFEEDEA1E59DF442D07CF1ADA22444	good	-	-	1679397302.000000	1679999402.000000
1679414827.491153	Fb9PQ53aTndHrafOc7	sha1	A17551059D2110D201B9081B73338F1C3CC7BD5F	81B80E638A891218E5FA3B3B50959FE6E5901385	023F4F8786E0F03EFD5614A1DE19B177	good	-	-	1679398741.000000	1680000841.000000
1679414827.491177	FFcXnF2FeGpaqxfXH1	sha1	A17551059D2110D201B9081B73338F1C3CC7BD5F	81B80E638A891218E5FA3B3B50959FE6E5901385	023F4F8786E0F03EFD5614A1DE19B177	good	-	-	1679398741.000000	1680000841.000000
1679414827.494971	FwFrus1hPauBlgi8J6	sha1	A17551059D2110D201B9081B73338F1C3CC7BD5F	81B80E638A891218E5FA3B3B50959FE6E5901385	023F4F8786E0F03EFD5614A1DE19B177	good	-	-	1679398741.000000	1680000841.000000
1679414827.496093	FCwZmy4mFuFjyfBosj	sha1	A17551059D2110D201B9081B73338F1C3CC7BD5F	81B80E638A891218E5FA3B3B50959FE6E5901385	023F4F8786E0F03EFD5614A1DE19B177	good	-	-	1679398741.000000	1680000841.000000
1679414827.506195	F5o1zO28RkUKQDrf84	sha1	A17551059D2110D201B9081B73338F1C3CC7BD5F	81B80E638A891218E5FA3B3B50959FE6E5901385	0D02341C6E2594733EF782B0486FCED7	good	-	-	1679374621.000000	1679976721.000000
1679414862.537222	F9KMgs16JWQ52gx6q5	sha1	105FA67A80089DB5279F35CE830B43889EA3C70D	0F80611C823161D52F28E78D4638B42CE1C6D9E2	0C2DD118C8570E05D8A9EA517CECD410	good	-	-	1679369582.000000	1679971682.000000
1679414868.736030	FdLdNi2CvIbR8TIuWf	sha1	666D0B709C89E4BE4BEBEC134547E4B695360F8C	C03152CD5A50C3827C7471CECBE99CF97AEB82E2	0E9B6CFECD49B85F0CEC949D82899B5D	good	-	-	1679383622.000000	1679985722.000000
1679414869.556343	FnaUUb1AJNmLD4eOr	sha1	C72E798ADDFF6134B3BAED4742B8BBC6C0240763	8A747FAF85CDEE95CD3D9CD0E24614F371351D27	B7C4DE6ECDBE662A0ADBA79728BBF7F5	good	-	-	1679322687.000000	1679923886.000000
1679414875.848881	FXkEp02QxBLbZUxEH3	sha1	430BD20E4F137A1A6C918F24E5DA7E324D4733C8	8D8C5EC454AD8AE177E99BF99B05E1B8018D61E1	47C9759900B3688F191A25D4472423AE	good	-	-	1679412042.000000	1680016841.000000
1679414876.303533	FwV4OASaTweZAJa55	sha1	430BD20E4F137A1A6C918F24E5DA7E324D4733C8	8D8C5EC454AD8AE177E99BF99B05E1B8018D61E1	47C9759900B3688F191A25D4472423AE	good	-	-	1679412042.000000	1680016841.000000
1679414887.123469	FfLfW3Jc7DI2VR3o5	sha1	84D56BF8098BD307B766D8E1EBAD6596AA6B6761	F5CDD53C0850F96A4F3AB797DA5683E669D268F7	290D9A264779DBFB2DC6A4D8	good	-	-	1679419289.000000	1679764888.000000
1679414887.437065	F1bO9m3qaahKH2fpAl	sha1	72CAE0CE4AA6FC06DA6B599480BC14FD905A1877	F9FB50C48B67BB6764FE8321A6A9CE3F55849399	1CBD4A45EDE309EDC2733CA0870F8FD3	good	-	-	1679185144.000000	1679789943.000000
1679414887.729092	Fk9IK72lloofPpfumg	sha1	430BD20E4F137A1A6C918F24E5DA7E324D4733C8	8D8C5EC454AD8AE177E99BF99B05E1B8018D61E1	DB345EB8FAA84C1C511487E57CE8D77C	good	-	-	1678870753.000000	1679475552.000000
1679414887.874388	F0tgfEBAnxGgf9gb6	sha1	48DAC9A0FB2BD32D4FF0DE68D2F567B735F9B3C4	142EB317B75856CBAE500940E61FAF9D8B14C2C6	0472272FB4A5190AD3AA07CF359C42C0BB0A	good	-	-	1679317200.000000	1679921998.000000
1679414888.474955	FjZ5si1DYNTHESgru8	sha1	430BD20E4F137A1A6C918F24E5DA7E324D4733C8	8D8C5EC454AD8AE177E99BF99B05E1B8018D61E1	DB345EB8FAA84C1C511487E57CE8D77C	good	-	-	1678870753.000000	1679475552.000000
1679414889.467194	FktxJt1ox2mSvCwIZj	sha1	48DAC9A0FB2BD32D4FF0DE68D2F567B735F9B3C4	142EB317B75856CBAE500940E61FAF9D8B14C2C6	030CDF566CA1BC3C88DB68B530BA7A3801DE	good	-	-	1679263200.000000	1679867998.000000
1679414889.492371	FK3m8D2ZmbGUvNUXkd	sha1	84D56BF8098BD307B766D8E1EBAD6596AA6B6761	F5CDD53C0850F96A4F3AB797DA5683E669D268F7	364D1B9931B799C11447F9BB	good	-	-	1679427488.000000	1679773087.000000
1679414889.699941	FKwH2xBJyarBkh4Cj	sha1	430BD20E4F137A1A6C918F24E5DA7E324D4733C8	8D8C5EC454AD8AE177E99BF99B05E1B8018D61E1	14B6BF0387DCD9C12F168E91545E7F0D	good	-	-	1679427665.000000	1680032464.000000
1679414889.744863	FBKwrTZIJFojIg7g	sha1	430BD20E4F137A1A6C918F24E5DA7E324D4733C8	8D8C5EC454AD8AE177E99BF99B05E1B8018D61E1	14B6BF0387DCD9C12F168E91545E7F0D	good	-	-	1679427665.000000	1680032464.000000
1679414889.789353	FlWwKB2zjsOCQdrYI3	sha1	430BD20E4F137A1A6C918F24E5DA7E324D4733C8	8D8C5EC454AD8AE177E99BF99B05E1B8018D61E1	14B6BF0387DCD9C12F168E91545E7F0D	good	-	-	1679427665.000000	1680032464.000000
1679414889.793189	FFWCHMDm09KijMuW9	sha1	430BD20E4F137A1A6C918F24E5DA7E324D4733C8	8D8C5EC454AD8AE177E99BF99B05E1B8018D61E1	14B6BF0387DCD9C12F168E91545E7F0D	good	-	-	1679427665.000000	1680032464.000000
1679414889.811845	FmBODa3m9JAdiNrLKa	sha1	430BD20E4F137A1A6C918F24E5DA7E324D4733C8	8D8C5EC454AD8AE177E99BF99B05E1B8018D61E1	14B6BF0387DCD9C12F168E91545E7F0D	good	-	-	1679427665.000000	1680032464.000000
1679414890.591789	FvOjES1Eih96E5M1Vc	sha1	48DAC9A0FB2BD32D4FF0DE68D2F567B735F9B3C4	142EB317B75856CBAE500940E61FAF9D8B14C2C6	0329CCB8E6E0B7D0547810020473A5BBFEF5	good	-	-	1679263200.000000	1679867998.000000
1679414890.676466	FJz3aGTc2ohkLvIge	sha1	48DAC9A0FB2BD32D4FF0DE68D2F567B735F9B3C4	142EB317B75856CBAE500940E61FAF9D8B14C2C6	0329CCB8E6E0B7D0547810020473A5BBFEF5	good	-	-	1679263200.000000	1679867998.000000
1679414890.677711	FT8Gwj2BOwB4sC6OS1	sha1	48DAC9A0FB2BD32D4FF0DE68D2F567B735F9B3C4	142EB317B75856CBAE500940E61FAF9D8B14C2C6	0329CCB8E6E0B7D0547810020473A5BBFEF5	good	-	-	1679263200.000000	1679867998.000000
1679414890.739176	FKGdRC2TB2Ed6WSl3i	sha1	C72E798ADDFF6134B3BAED4742B8BBC6C0240763	8A747FAF85CDEE95CD3D9CD0E24614F371351D27	B7C4DE6ECDBE662A0ADBA79728BBF7F5	good	-	-	1679322687.000000	1679923886.000000
1679414890.776410	FSQMxx4DzfOafEsAg7	sha1	C72E798ADDFF6134B3BAED4742B8BBC6C0240763	8A747FAF85CDEE95CD3D9CD0E24614F371351D27	5564783A36D9529112D91E78AAAD65D0	good	-	-	1679322686.000000	1679923885.000000
1679414890.931186	FmJItM3gXX15whcPVj	sha1	2828E1C94506C213EDC35EAC058B3B41C4B61D87	0D98C0737FABBDBDD9474B49AD0A4A0CAC3EC77C	723E5578C5A3B58F71F43F1F	good	-	-	1679418759.000000	1679764358.000000
1679414892.427441	Fkj0CQ3Z483zlFu4Ul	sha1	48DAC9A0FB2BD32D4FF0DE68D2F567B735F9B3C4	142EB317B75856CBAE500940E61FAF9D8B14C2C6	04A6F37AD337B39AFBFAE6A142488E9E0C32	good	-	-	1679259600.000000	1679864398.000000
1679414894.384968	F9vud24icicWCvJpof	sha1	2828E1C94506C213EDC35EAC058B3B41C4B61D87	0D98C0737FABBDBDD9474B49AD0A4A0CAC3EC77C	723E5578C5A3B58F71F43F1F	good	-	-	1679418759.000000	1679764358.000000
1679414894.400449	FOMo1n2LD7HanYKWs7	sha1	2828E1C94506C213EDC35EAC058B3B41C4B61D87	0D98C0737FABBDBDD9474B49AD0A4A0CAC3EC77C	723E5578C5A3B58F71F43F1F	good	-	-	1679418759.000000	1679764358.000000
1679414894.405291	FesAwU3LIAMhuDD3tl	sha1	2828E1C94506C213EDC35EAC058B3B41C4B61D87	0D98C0737FABBDBDD9474B49AD0A4A0CAC3EC77C	723E5578C5A3B58F71F43F1F	good	-	-	1679418759.000000	1679764358.000000
1679414894.621985	F8aS3d29IcG8GUWzwa	sha1	C72E798ADDFF6134B3BAED4742B8BBC6C0240763	8A747FAF85CDEE95CD3D9CD0E24614F371351D27	4851571D80125BF21290F95AAF281BEE	good	-	-	1679410841.000000	1680012040.000000
1679414894.802283	F9NY4V3HQVJYe5iWu2	sha1	48DAC9A0FB2BD32D4FF0DE68D2F567B735F9B3C4	142EB317B75856CBAE500940E61FAF9D8B14C2C6	04C84291323B2AAA2B147B67B4D4FF1A912C	good	-	-	1679259600.000000	1679864398.000000
1679414894.827375	Fhxl5y2fPU94aR64Wb	sha1	48DAC9A0FB2BD32D4FF0DE68D2F567B735F9B3C4	142EB317B75856CBAE500940E61FAF9D8B14C2C6	034D477F23D9344F5FF2C574126C9EC7C5D7	good	-	-	1679378400.000000	1679983198.000000
1679414894.843355	FEpgGbaVNY5OmM5Of	sha1	48DAC9A0FB2BD32D4FF0DE68D2F567B735F9B3C4	142EB317B75856CBAE500940E61FAF9D8B14C2C6	03A52C3FF942E5C63C1D901754904DC89123	good	-	-	1679263200.000000	1679867998.000000
1679414894.857958	FA6EYZxi96LQnq2T3	sha1	48DAC9A0FB2BD32D4FF0DE68D2F567B735F9B3C4	142EB317B75856CBAE500940E61FAF9D8B14C2C6	03C32C56BE49ADA42B483CF7A9EF6BC9543F	good	-	-	1679263200.000000	1679867998.000000
1679414894.858142	FrEsXk4CGzF5zzgtnk	sha1	2828E1C94506C213EDC35EAC058B3B41C4B61D87	0D98C0737FABBDBDD9474B49AD0A4A0CAC3EC77C	15CBE0D6C4CEC4867948F64B	good	-	-	1679416584.000000	1679762183.000000
1679414894.868246	FDZV9R1LIJH35LCPaf	sha1	48DAC9A0FB2BD32D4FF0DE68D2F567B735F9B3C4	142EB317B75856CBAE500940E61FAF9D8B14C2C6	039198DE719B29B4CC90EAFED297DC779BF8	good	-	-	1679310000.000000	1679914798.000000
1679414894.877966	FMvh3t12hudc5Wna8	sha1	48DAC9A0FB2BD32D4FF0DE68D2F567B735F9B3C4	142EB317B75856CBAE500940E61FAF9D8B14C2C6	034E00FF631A87A5047EC1CC8A6873C846C0	good	-	-	1679371200.000000	1679975998.000000
1679414894.907735	FI6XuJso96pIkrakk	sha1	B6080D5F6C6B76EB13E438A5F8660BA85233344E	40C2BD278ECC348330A233D7FB6CB3F0B42C80CE	F5A1427BA9665BCC	good	-	-	1679364233.000000	1679493833.000000
1679414894.921976	FsA1JC4Td6FISxyKRg	sha1	48DAC9A0FB2BD32D4FF0DE68D2F567B735F9B3C4	142EB317B75856CBAE500940E61FAF9D8B14C2C6	032B52FC8756021DA584302C78D9F767CF2F	good	-	-	1679310000.000000	1679914798.000000
1679414894.928777	FU5Hso4UaBV0CUApW	sha1	84D56BF8098BD307B766D8E1EBAD6596AA6B6761	F5CDD53C0850F96A4F3AB797DA5683E669D268F7	4689635D4E22CD737D3AE324	good	-	-	1679421993.000000	1679767592.000000
1679414894.943554	FHFydQ2DqxUjBuEXUg	sha1	48DAC9A0FB2BD32D4FF0DE68D2F567B735F9B3C4	142EB317B75856CBAE500940E61FAF9D8B14C2C6	03277E73BB037BB085A8ABF22E19A3B18564	good	-	-	1679360400.000000	1679965198.000000
1679414894.945126	FnUSxI1IxOo3MbJFo5	sha1	8F7702DC0E21D05E555FA7C877EE1AE931EAD382	4FCBACA8C2EFABDD836F6BBFCE983D5C58257615	34CF7FBFC506E6A53BA9E815	good	-	-	1679427318.000000	1679772917.000000
1679414894.984614	Fhbfpf32nlKQg5i0Y1	sha1	8F7702DC0E21D05E555FA7C877EE1AE931EAD382	4FCBACA8C2EFABDD836F6BBFCE983D5C58257615	48D4276650DD71ED63500975	good	-	-	1679418464.000000	1679764063.000000
1679414895.078814	F1fOmz1c63eedh7cp8	sha1	21F3459A10CAA6C84BDA1E3962B127D5338A7C48	17D9D6252767F931C24943D93036448C6CA94FEB	E76A2BE69DC8A7AC12D413316B389890	good	-	-	1679152261.000000	1679757060.000000
1679414897.636405	FnwRdl2dkLl3lZ9UIi	sha1	48DAC9A0FB2BD32D4FF0DE68D2F567B735F9B3C4	142EB317B75856CBAE500940E61FAF9D8B14C2C6	04DEFC14776548A3FD19188549EB29767DAC	good	-	-	1679263200.000000	1679867998.000000
1679414897.647638	FLzlz337PxLwsepdoh	sha1	430BD20E4F137A1A6C918F24E5DA7E324D4733C8	8D8C5EC454AD8AE177E99BF99B05E1B8018D61E1	B66D1C341BCDA201C7E63A4624BAD5A3	good	-	-	1679371388.000000	1679976187.000000
1679414897.684485	Faf7jR1lA5BrH7pqCb	sha1	48DAC9A0FB2BD32D4FF0DE68D2F567B735F9B3C4	142EB317B75856CBAE500940E61FAF9D8B14C2C6	03E444FDA495386C5084D2AD0BCF6DD99B37	good	-	-	1679371200.000000	1679975998.000000
1679414897.689701	FTzHrUlIOpHKhoIy	sha1	48DAC9A0FB2BD32D4FF0DE68D2F567B735F9B3C4	142EB317B75856CBAE500940E61FAF9D8B14C2C6	03B657A7A71F39D05792A250FDB318399772	good	-	-	1679263200.000000	1679867998.000000
1679414897.734756	FLePiK1Nf0jTLBHW1b	sha1	2828E1C94506C213EDC35EAC058B3B41C4B61D87	0D98C0737FABBDBDD9474B49AD0A4A0CAC3EC77C	132D99B86D3CA77ADD54B24E	good	-	-	1679417431.000000	1679763030.000000
1679414897.741328	FibTbH3oYjqIsPQQO	sha1	48DAC9A0FB2BD32D4FF0DE68D2F567B735F9B3C4	142EB317B75856CBAE500940E61FAF9D8B14C2C6	040A0B04C068C6F1739FDC518D271188E776	good	-	-	1679263200.000000	1679867998.000000
1679414897.741336	FLsaJk4OqCNSgGHMoh	sha1	48DAC9A0FB2BD32D4FF0DE68D2F567B735F9B3C4	142EB317B75856CBAE500940E61FAF9D8B14C2C6	032EFDAC40B67E7DE0ABFF7A2C76E4EF45C4	good	-	-	1679317200.000000	1679921998.000000
1679414899.040118	FqZ8Kz4Jafv3CfN02l	sha1	8F7702DC0E21D05E555FA7C877EE1AE931EAD382	4FCBACA8C2EFABDD836F6BBFCE983D5C58257615	30ACDE209F54A6BC0BD845E2	good	-	-	1679422041.000000	1679767640.000000
1679414899.690953	FwCK8a18uKcELAfo1	sha1	84D56BF8098BD307B766D8E1EBAD6596AA6B6761	F5CDD53C0850F96A4F3AB797DA5683E669D268F7	3D202AD77DD2C09059407C98	good	-	-	1679422781.000000	1679768380.000000
1679414899.992696	F45fJ62GUcypvaf1Z3	sha1	8F7702DC0E21D05E555FA7C877EE1AE931EAD382	4FCBACA8C2EFABDD836F6BBFCE983D5C58257615	24739D619091606ED71D6021	good	-	-	1679417688.000000	1679763287.000000
1679414900.005373	FIiF6O3BD3LAoTabC	sha1	84D56BF8098BD307B766D8E1EBAD6596AA6B6761	F5CDD53C0850F96A4F3AB797DA5683E669D268F7	45AF17B0DBF738DD266B9384	good	-	-	1679418006.000000	1679763605.000000
1679414900.039772	FHWZet4Cs7z1zhJoQ	sha1	84D56BF8098BD307B766D8E1EBAD6596AA6B6761	F5CDD53C0850F96A4F3AB797DA5683E669D268F7	0C854705F759DD05D013E522	good	-	-	1679422136.000000	1679767735.000000
1679414900.187497	FrMBXP25aIJTVVzshe	sha1	8F7702DC0E21D05E555FA7C877EE1AE931EAD382	4FCBACA8C2EFABDD836F6BBFCE983D5C58257615	5BF2C6C67A848E3E2C44CF7F	good	-	-	1679426849.000000	1679772448.000000
1679414900.641189	FcignJy7LVI8SCwc6	sha1	48DAC9A0FB2BD32D4FF0DE68D2F567B735F9B3C4	142EB317B75856CBAE500940E61FAF9D8B14C2C6	040D3872C780B8345A98175621C1A91EAF23	good	-	-	1679320800.000000	1679925598.000000
1679414901.537302	FaDqFu3UCDwFQ3IZuh	sha1	84D56BF8098BD307B766D8E1EBAD6596AA6B6761	F5CDD53C0850F96A4F3AB797DA5683E669D268F7	22DABC9B078E808CA27811BB	good	-	-	1679422923.000000	1679768522.000000
1679414901.596868	FHskU927WwvIdnrKpd	sha1	48DAC9A0FB2BD32D4FF0DE68D2F567B735F9B3C4	142EB317B75856CBAE500940E61FAF9D8B14C2C6	0422F4DCF86F3E2E66E97C254259D35D1462	good	-	-	1679353200.000000	1679957998.000000
1679414901.720206	FdYlg64UBlAghsJHpi	sha1	48DAC9A0FB2BD32D4FF0DE68D2F567B735F9B3C4	142EB317B75856CBAE500940E61FAF9D8B14C2C6	046C043D98B4D9FEAE8F52F4BA7567AAD23B	good	-	-	1679403600.000000	1680008398.000000
1679414901.925024	FG0Tji2OcxzSb59hq8	sha1	48DAC9A0FB2BD32D4FF0DE68D2F567B735F9B3C4	142EB317B75856CBAE500940E61FAF9D8B14C2C6	041534472C2D867E167D6E42F7A316B557F5	good	-	-	1679310000.000000	1679914798.000000
1679414907.984783	FQHKF31EYXEHlibR82	sha1	48DAC9A0FB2BD32D4FF0DE68D2F567B735F9B3C4	142EB317B75856CBAE500940E61FAF9D8B14C2C6	0329CCB8E6E0B7D0547810020473A5BBFEF5	good	-	-	1679263200.000000	1679867998.000000
1679414908.109243	FZ9OOy1cyVsmqZ3tI2	sha1	48DAC9A0FB2BD32D4FF0DE68D2F567B735F9B3C4	142EB317B75856CBAE500940E61FAF9D8B14C2C6	0329CCB8E6E0B7D0547810020473A5BBFEF5	good	-	-	1679263200.000000	1679867998.000000
1679414922.004123	FysI8h1OM3dOgBEmni	sha1	48DAC9A0FB2BD32D4FF0DE68D2F567B735F9B3C4	142EB317B75856CBAE500940E61FAF9D8B14C2C6	0329CCB8E6E0B7D0547810020473A5BBFEF5	good	-	-	1679263200.000000	1679867998.000000
1679414922.111887	FLo4sKNUYfpWaRrYk	sha1	48DAC9A0FB2BD32D4FF0DE68D2F567B735F9B3C4	142EB317B75856CBAE500940E61FAF9D8B14C2C6	0329CCB8E6E0B7D0547810020473A5BBFEF5	good	-	-	1679263200.000000	1679867998.000000
1679414922.111897	FAELWb1xzRv2QadJ4h	sha1	48DAC9A0FB2BD32D4FF0DE68D2F567B735F9B3C4	142EB317B75856CBAE500940E61FAF9D8B14C2C6	0329CCB8E6E0B7D0547810020473A5BBFEF5	good	-	-	1679263200.000000	1679867998.000000
1679414929.596060	FNrVH3120wZ5iDWLvc	sha1	CF94DC5C304AA79485721F956E67895AC21657DD	F6850A3B1186E1047D0EAA0B2CD2EECC647B7BAE	AFC0A8FDE886E5E89BEB23E189A0D987	good	-	-	1679188182.000000	1679792981.000000
1679414942.605850	FUM0U43O8ZWQTdOpF4	sha1	CF94DC5C304AA79485721F956E67895AC21657DD	F6850A3B1186E1047D0EAA0B2CD2EECC647B7BAE	AFC0A8FDE886E5E89BEB23E189A0D987	good	-	-	1679188182.000000	1679792981.000000
1679414962.905376	F5lKF84eisZYnxYu24	sha1	933232B4DE7362628418BEEE08CF27E7F4E24D74	587B8E752AFE6180AA904001AED6E807466E3F48	107276BDEFDDB95A75F938E4	good	-	-	1679424618.000000	1679770217.000000
1679414996.600957	Figlqd2x3dtNJT0Qqi	sha1	72CAE0CE4AA6FC06DA6B599480BC14FD905A1877	F9FB50C48B67BB6764FE8321A6A9CE3F55849399	1CBD4A45EDE309EDC2733CA0870F8FD3	good	-	-	1679185144.000000	1679789943.000000
1679415003.624716	Fgax2G2NxUtmxHkk5l	sha1	48DAC9A0FB2BD32D4FF0DE68D2F567B735F9B3C4	142EB317B75856CBAE500940E61FAF9D8B14C2C6	0329CCB8E6E0B7D0547810020473A5BBFEF5	good	-	-	1679263200.000000	1679867998.000000
1679415003.763959	FRZT461cbL0seQzHs8	sha1	48DAC9A0FB2BD32D4FF0DE68D2F567B735F9B3C4	142EB317B75856CBAE500940E61FAF9D8B14C2C6	0329CCB8E6E0B7D0547810020473A5BBFEF5	good	-	-	1679263200.000000	1679867998.000000
1679415003.790780	FIjo81g9CDOQT2w9i	sha1	2828E1C94506C213EDC35EAC058B3B41C4B61D87	0D98C0737FABBDBDD9474B49AD0A4A0CAC3EC77C	723E5578C5A3B58F71F43F1F	good	-	-	1679418759.000000	1679764358.000000
1679415004.048051	F6Bt123R1e6aWkbnqj	sha1	2828E1C94506C213EDC35EAC058B3B41C4B61D87	0D98C0737FABBDBDD9474B49AD0A4A0CAC3EC77C	723E5578C5A3B58F71F43F1F	good	-	-	1679418759.000000	1679764358.000000
1679415004.063240	FFLMu71qNba9xeAIVd	sha1	2828E1C94506C213EDC35EAC058B3B41C4B61D87	0D98C0737FABBDBDD9474B49AD0A4A0CAC3EC77C	723E5578C5A3B58F71F43F1F	good	-	-	1679418759.000000	1679764358.000000
1679415004.068634	FVCRv81xN09Guvf6s4	sha1	2828E1C94506C213EDC35EAC058B3B41C4B61D87	0D98C0737FABBDBDD9474B49AD0A4A0CAC3EC77C	723E5578C5A3B58F71F43F1F	good	-	-	1679418759.000000	1679764358.000000
1679415017.568343	FyMh5X1HGE1sE1ho98	sha1	48DAC9A0FB2BD32D4FF0DE68D2F567B735F9B3C4	142EB317B75856CBAE500940E61FAF9D8B14C2C6	0329CCB8E6E0B7D0547810020473A5BBFEF5	good	-	-	1679263200.000000	1679867998.000000
1679415017.699279	Fytmva2xohk6QGbcT	sha1	48DAC9A0FB2BD32D4FF0DE68D2F567B735F9B3C4	142EB317B75856CBAE500940E61FAF9D8B14C2C6	0329CCB8E6E0B7D0547810020473A5BBFEF5	good	-	-	1679263200.000000	1679867998.000000
1679415028.498166	Fzt9Mh4gGpgwUfTDkb	sha1	84D56BF8098BD307B766D8E1EBAD6596AA6B6761	F5CDD53C0850F96A4F3AB797DA5683E669D268F7	290D9A264779DBFB2DC6A4D8	good	-	-	1679419289.000000	1679764888.000000
1679415028.715771	Fswvk828h4mluqadA6	sha1	72CAE0CE4AA6FC06DA6B599480BC14FD905A1877	F9FB50C48B67BB6764FE8321A6A9CE3F55849399	1CBD4A45EDE309EDC2733CA0870F8FD3	good	-	-	1679185144.000000	1679789943.000000
1679415065.140228	Fq8SEN2wt08Ih09o64	sha1	84D56BF8098BD307B766D8E1EBAD6596AA6B6761	F5CDD53C0850F96A4F3AB797DA5683E669D268F7	290D9A264779DBFB2DC6A4D8	good	-	-	1679419289.000000	1679764888.000000
1679415065.313919	FLhgXc3mfDfPnkwzn8	sha1	72CAE0CE4AA6FC06DA6B599480BC14FD905A1877	F9FB50C48B67BB6764FE8321A6A9CE3F55849399	1CBD4A45EDE309EDC2733CA0870F8FD3	good	-	-	1679185144.000000	1679789943.000000
1679415067.912748	FkmSgi2INX0kHkoXJd	sha1	48DAC9A0FB2BD32D4FF0DE68D2F567B735F9B3C4	142EB317B75856CBAE500940E61FAF9D8B14C2C6	0329CCB8E6E0B7D0547810020473A5BBFEF5	good	-	-	1679263200.000000	1679867998.000000
1679415068.060295	F3SYsj121q9pmRieXc	sha1	48DAC9A0FB2BD32D4FF0DE68D2F567B735F9B3C4	142EB317B75856CBAE500940E61FAF9D8B14C2C6	0329CCB8E6E0B7D0547810020473A5BBFEF5	good	-	-	1679263200.000000	1679867998.000000
1679415075.458736	FSY8sI3TDGCYC0seUg	sha1	C72E798ADDFF6134B3BAED4742B8BBC6C0240763	8A747FAF85CDEE95CD3D9CD0E24614F371351D27	5564783A36D9529112D91E78AAAD65D0	good	-	-	1679409411.000000	1680010610.000000
1679415075.635903	FFhchWwPf8eNhelCg	sha1	C72E798ADDFF6134B3BAED4742B8BBC6C0240763	8A747FAF85CDEE95CD3D9CD0E24614F371351D27	4851571D80125BF21290F95AAF281BEE	good	-	-	1679322945.000000	1679924144.000000
1679415075.661748	FPQ5dC2LMjUrU8hXTd	sha1	C72E798ADDFF6134B3BAED4742B8BBC6C0240763	8A747FAF85CDEE95CD3D9CD0E24614F371351D27	4851571D80125BF21290F95AAF281BEE	good	-	-	1679322945.000000	1679924144.000000
1679415075.663867	FTYhladWjcKj3eIrj	sha1	C72E798ADDFF6134B3BAED4742B8BBC6C0240763	8A747FAF85CDEE95CD3D9CD0E24614F371351D27	4851571D80125BF21290F95AAF281BEE	good	-	-	1679322945.000000	1679924144.000000
1679415075.663905	FlA7RE1TqpS6HvHrE6	sha1	C72E798ADDFF6134B3BAED4742B8BBC6C0240763	8A747FAF85CDEE95CD3D9CD0E24614F371351D27	4851571D80125BF21290F95AAF281BEE	good	-	-	1679322945.000000	1679924144.000000
1679415075.665055	FXZyLl4a62AecxBCT5	sha1	C72E798ADDFF6134B3BAED4742B8BBC6C0240763	8A747FAF85CDEE95CD3D9CD0E24614F371351D27	4851571D80125BF21290F95AAF281BEE	good	-	-	1679322945.000000	1679924144.000000
1679415075.911002	FjPV1X3HCj3NLS6oLe	sha1	C72E798ADDFF6134B3BAED4742B8BBC6C0240763	8A747FAF85CDEE95CD3D9CD0E24614F371351D27	B7C4DE6ECDBE662A0ADBA79728BBF7F5	good	-	-	1679322687.000000	1679923886.000000
1679415076.250987	Fm2tNQWvbCuXBEHM4	sha1	A303C0A8887BD479C4278EB5D7587D3C12C04DA4	FF2F7FE106F438F32DED258D98C2FE0EF66CFCFA	2D0032787213FA84AE5320170C000000327872	good	-	-	1679371204.000000	1679716803.000000
1679415076.259312	F3M3tg6O1HVQifNje	sha1	E4E395A229D3D4C1C31FF0980C0B4EC0098AABD8	B76BA2EAA8AA848C79EAB4DA0F98B2C59576B9F4	0E8CD6935C80DE64C384F14BAD37B6A3	good	-	-	1679383262.000000	1679985362.000000
1679415076.356019	FfENs04kGJwqz4ZZf3	sha1	C72E798ADDFF6134B3BAED4742B8BBC6C0240763	8A747FAF85CDEE95CD3D9CD0E24614F371351D27	9F745ADAD950AC1F121D53C904F3D7DA	good	-	-	1679322947.000000	1679924146.000000
1679415076.476309	FkUyjr2Gd0LimPXdzb	sha1	48DAC9A0FB2BD32D4FF0DE68D2F567B735F9B3C4	142EB317B75856CBAE500940E61FAF9D8B14C2C6	040E7205CE0EDB90E7B95F2889E7AF082935	good	-	-	1679392800.000000	1679997598.000000
1679415076.545427	Ff616h3WlNUEJIKgbf	sha1	C72E798ADDFF6134B3BAED4742B8BBC6C0240763	8A747FAF85CDEE95CD3D9CD0E24614F371351D27	1E28928F53138DD70A73D36F20C58ED7	good	-	-	1679322956.000000	1679924155.000000
1679415076.634271	FBDEhj12vafT5RmDA4	sha1	331FFE3FFD0B8416284F948D56C07E0392D8F64D	0F6BE64BCE3947AEF67E901E79F0309192C85FA3	D4D6316C99A52A53CF2256E58E6311D0	good	-	-	1679193801.000000	1679798600.000000
1679415076.885907	FI0nvO2vV1Ku5anu5e	sha1	430BD20E4F137A1A6C918F24E5DA7E324D4733C8	8D8C5EC454AD8AE177E99BF99B05E1B8018D61E1	7A691B1EB24189710598F0531FB25333	good	-	-	1679365444.000000	1679970243.000000
1679415077.592865	FzxA0b4V9h4Umq8ama	sha1	48DAC9A0FB2BD32D4FF0DE68D2F567B735F9B3C4	142EB317B75856CBAE500940E61FAF9D8B14C2C6	0381D72133015FAD1E1D3ACCB8BF30C48200	good	-	-	1679407200.000000	1680011998.000000
1679415081.123595	Fa2bL94gGlTXOf9ywb	sha1	C72E798ADDFF6134B3BAED4742B8BBC6C0240763	8A747FAF85CDEE95CD3D9CD0E24614F371351D27	5564783A36D9529112D91E78AAAD65D0	good	-	-	1679409411.000000	1680010610.000000
1679415081.308223	FlByKd4raV25Dtalce	sha1	C72E798ADDFF6134B3BAED4742B8BBC6C0240763	8A747FAF85CDEE95CD3D9CD0E24614F371351D27	4851571D80125BF21290F95AAF281BEE	good	-	-	1679322945.000000	1679924144.000000
1679415081.311618	FGt97h4DZwm6iuu1oa	sha1	C72E798ADDFF6134B3BAED4742B8BBC6C0240763	8A747FAF85CDEE95CD3D9CD0E24614F371351D27	4851571D80125BF21290F95AAF281BEE	good	-	-	1679322945.000000	1679924144.000000
1679415081.311635	FLBAhMFKd120i214j	sha1	C72E798ADDFF6134B3BAED4742B8BBC6C0240763	8A747FAF85CDEE95CD3D9CD0E24614F371351D27	4851571D80125BF21290F95AAF281BEE	good	-	-	1679322945.000000	1679924144.000000
1679415081.313243	FlXfu22Vs9tVxQ4kaj	sha1	C72E798ADDFF6134B3BAED4742B8BBC6C0240763	8A747FAF85CDEE95CD3D9CD0E24614F371351D27	4851571D80125BF21290F95AAF281BEE	good	-	-	1679410841.000000	1680012040.000000
1679415081.334669	Fh5k034kOAEEYornsg	sha1	C72E798ADDFF6134B3BAED4742B8BBC6C0240763	8A747FAF85CDEE95CD3D9CD0E24614F371351D27	4851571D80125BF21290F95AAF281BEE	good	-	-	1679322945.000000	1679924144.000000
1679415081.435056	FKhCtZ1Yx0chElgiH8	sha1	C72E798ADDFF6134B3BAED4742B8BBC6C0240763	8A747FAF85CDEE95CD3D9CD0E24614F371351D27	1E28928F53138DD70A73D36F20C58ED7	good	-	-	1679322956.000000	1679924155.000000
1679415082.495634	FvKjcQ11mMRQqdiDZb	sha1	C72E798ADDFF6134B3BAED4742B8BBC6C0240763	8A747FAF85CDEE95CD3D9CD0E24614F371351D27	9F745ADAD950AC1F121D53C904F3D7DA	good	-	-	1679322947.000000	1679924146.000000
1679415082.498875	FiIQ6T3lx0LEwxtPr5	sha1	C72E798ADDFF6134B3BAED4742B8BBC6C0240763	8A747FAF85CDEE95CD3D9CD0E24614F371351D27	A64CD0792CFBF8190A2D434E9039257F	good	-	-	1679322956.000000	1679924155.000000
1679415099.651938	FNtmJTLyru8ovPHq8	sha1	48DAC9A0FB2BD32D4FF0DE68D2F567B735F9B3C4	142EB317B75856CBAE500940E61FAF9D8B14C2C6	04B0DBBF03197710B50A72091FD0F5D8A0A2	good	-	-	1679371200.000000	1679975998.000000
1679415099.901279	FZdoof4kkl4OqiYXD	sha1	C72E798ADDFF6134B3BAED4742B8BBC6C0240763	8A747FAF85CDEE95CD3D9CD0E24614F371351D27	5564783A36D9529112D91E78AAAD65D0	good	-	-	1679409411.000000	1680010610.000000
1679415099.958413	FxxX9E4XvsL5o9ze66	sha1	933232B4DE7362628418BEEE08CF27E7F4E24D74	587B8E752AFE6180AA904001AED6E807466E3F48	1735AFF4AFE0F4CDBCC46CAF	good	-	-	1679422596.000000	1679768195.000000
1679415099.970213	F2zaTn41dAi3ZO61Nj	sha1	C72E798ADDFF6134B3BAED4742B8BBC6C0240763	8A747FAF85CDEE95CD3D9CD0E24614F371351D27	9F745ADAD950AC1F121D53C904F3D7DA	good	-	-	1679410843.000000	1680012042.000000
1679415099.974376	FcbG8214yEQeQEfNZj	sha1	933232B4DE7362628418BEEE08CF27E7F4E24D74	587B8E752AFE6180AA904001AED6E807466E3F48	1735AFF4AFE0F4CDBCC46CAF	good	-	-	1679422596.000000	1679768195.000000
1679415100.138856	FP76t84vOb4oT1s2k4	sha1	C72E798ADDFF6134B3BAED4742B8BBC6C0240763	8A747FAF85CDEE95CD3D9CD0E24614F371351D27	4851571D80125BF21290F95AAF281BEE	good	-	-	1679322945.000000	1679924144.000000
1679415100.151992	FSMZRn4X5U8hRpE5ld	sha1	C72E798ADDFF6134B3BAED4742B8BBC6C0240763	8A747FAF85CDEE95CD3D9CD0E24614F371351D27	4851571D80125BF21290F95AAF281BEE	good	-	-	1679322945.000000	1679924144.000000
1679415100.166663	FlhiPz4r7xTCwIzxT3	sha1	C72E798ADDFF6134B3BAED4742B8BBC6C0240763	8A747FAF85CDEE95CD3D9CD0E24614F371351D27	4851571D80125BF21290F95AAF281BEE	good	-	-	1679322945.000000	1679924144.000000
1679415100.166677	FQ1CtY3c5WEQqaBsEg	sha1	C72E798ADDFF6134B3BAED4742B8BBC6C0240763	8A747FAF85CDEE95CD3D9CD0E24614F371351D27	4851571D80125BF21290F95AAF281BEE	good	-	-	1679322945.000000	1679924144.000000
1679415100.308455	FxhV2C4ylniNqejSL	sha1	933232B4DE7362628418BEEE08CF27E7F4E24D74	587B8E752AFE6180AA904001AED6E807466E3F48	51848FB63C7BC694228BB4E5	good	-	-	1679426118.000000	1679771717.000000
1679415100.310842	FuybySM8lZGoekX61	sha1	933232B4DE7362628418BEEE08CF27E7F4E24D74	587B8E752AFE6180AA904001AED6E807466E3F48	51848FB63C7BC694228BB4E5	good	-	-	1679426118.000000	1679771717.000000
1679415100.347646	F72qr221ZJX0n8w2b5	sha1	933232B4DE7362628418BEEE08CF27E7F4E24D74	587B8E752AFE6180AA904001AED6E807466E3F48	51848FB63C7BC694228BB4E5	good	-	-	1679426118.000000	1679771717.000000
1679415100.355218	FgWUB54e7o0rDo0nsk	sha1	933232B4DE7362628418BEEE08CF27E7F4E24D74	587B8E752AFE6180AA904001AED6E807466E3F48	51848FB63C7BC694228BB4E5	good	-	-	1679426118.000000	1679771717.000000
1679415100.367325	FkGP5p3HaxKyqoW2Wl	sha1	933232B4DE7362628418BEEE08CF27E7F4E24D74	587B8E752AFE6180AA904001AED6E807466E3F48	51848FB63C7BC694228BB4E5	good	-	-	1679426118.000000	1679771717.000000
1679415100.376308	FcV4CG2Pc4EaAHmkuj	sha1	48DAC9A0FB2BD32D4FF0DE68D2F567B735F9B3C4	142EB317B75856CBAE500940E61FAF9D8B14C2C6	030CDF566CA1BC3C88DB68B530BA7A3801DE	good	-	-	1679263200.000000	1679867998.000000
1679415100.402295	F0Jp2j1zoFDQBfzwAe	sha1	8F7702DC0E21D05E555FA7C877EE1AE931EAD382	4FCBACA8C2EFABDD836F6BBFCE983D5C58257615	30ACDE209F54A6BC0BD845E2	good	-	-	1679422041.000000	1679767640.000000
1679415100.457266	F8JsJ6K6IRMoZmnqa	sha1	48DAC9A0FB2BD32D4FF0DE68D2F567B735F9B3C4	142EB317B75856CBAE500940E61FAF9D8B14C2C6	039198DE719B29B4CC90EAFED297DC779BF8	good	-	-	1679310000.000000	1679914798.000000
1679415100.479532	FFDVbucu6wrqgkKka	sha1	6B7064FE6A7443DC2D6D5B79ECACA7AE5C2EC33F	F8EF7FF2CD7867A8DE6F8F248D88F1870302B3EB	5DDBD36F555BBF5E2906475C	good	-	-	1679421470.000000	1679767069.000000
1679415100.484109	FgCD641j8s8ArI2O6g	sha1	48DAC9A0FB2BD32D4FF0DE68D2F567B735F9B3C4	142EB317B75856CBAE500940E61FAF9D8B14C2C6	04A16074237E0EA7A328EE1B6D323F824A16	good	-	-	1679234400.000000	1679839198.000000
1679415100.717766	FUKZkx3gEDS4vn0Vt3	sha1	430BD20E4F137A1A6C918F24E5DA7E324D4733C8	8D8C5EC454AD8AE177E99BF99B05E1B8018D61E1	14B6BF0387DCD9C12F168E91545E7F0D	good	-	-	1679427665.000000	1680032464.000000
1679415103.816316	Fit3H31xLnhupE07bk	sha1	48DAC9A0FB2BD32D4FF0DE68D2F567B735F9B3C4	142EB317B75856CBAE500940E61FAF9D8B14C2C6	04A6F37AD337B39AFBFAE6A142488E9E0C32	good	-	-	1679259600.000000	1679864398.000000
1679415104.323251	Fxf91k3KgD90Gqcue1	sha1	2828E1C94506C213EDC35EAC058B3B41C4B61D87	0D98C0737FABBDBDD9474B49AD0A4A0CAC3EC77C	15CBE0D6C4CEC4867948F64B	good	-	-	1679427783.000000	1679773382.000000
1679415104.330738	FEgurG3iRLaMxzeqVb	sha1	48DAC9A0FB2BD32D4FF0DE68D2F567B735F9B3C4	142EB317B75856CBAE500940E61FAF9D8B14C2C6	04C84291323B2AAA2B147B67B4D4FF1A912C	good	-	-	1679259600.000000	1679864398.000000
1679415104.355871	FK7Nz81BHyGrPxAH1h	sha1	48DAC9A0FB2BD32D4FF0DE68D2F567B735F9B3C4	142EB317B75856CBAE500940E61FAF9D8B14C2C6	034D477F23D9344F5FF2C574126C9EC7C5D7	good	-	-	1679378400.000000	1679983198.000000
1679415104.366531	FhjhLDprN4Y4G2kki	sha1	48DAC9A0FB2BD32D4FF0DE68D2F567B735F9B3C4	142EB317B75856CBAE500940E61FAF9D8B14C2C6	03A52C3FF942E5C63C1D901754904DC89123	good	-	-	1679320800.000000	1679925598.000000
1679415104.369042	FIOwnb2zQdgoB36IUk	sha1	48DAC9A0FB2BD32D4FF0DE68D2F567B735F9B3C4	142EB317B75856CBAE500940E61FAF9D8B14C2C6	03C32C56BE49ADA42B483CF7A9EF6BC9543F	good	-	-	1679259600.000000	1679864398.000000
1679415104.370778	FyvOSA2TPBk3YTrtmj	sha1	430BD20E4F137A1A6C918F24E5DA7E324D4733C8	8D8C5EC454AD8AE177E99BF99B05E1B8018D61E1	DB345EB8FAA84C1C511487E57CE8D77C	good	-	-	1678870753.000000	1679475552.000000
1679415104.375979	FcZfA53lad3VJUs6bk	sha1	B6080D5F6C6B76EB13E438A5F8660BA85233344E	40C2BD278ECC348330A233D7FB6CB3F0B42C80CE	F5A1427BA9665BCC	good	-	-	1679364233.000000	1679493833.000000
1679415104.378111	FOC3L02u5sdawrmHY8	sha1	48DAC9A0FB2BD32D4FF0DE68D2F567B735F9B3C4	142EB317B75856CBAE500940E61FAF9D8B14C2C6	034E00FF631A87A5047EC1CC8A6873C846C0	good	-	-	1679371200.000000	1679975998.000000
1679415104.405097	FCPCcb1aCGjw3WlYI8	sha1	48DAC9A0FB2BD32D4FF0DE68D2F567B735F9B3C4	142EB317B75856CBAE500940E61FAF9D8B14C2C6	032B52FC8756021DA584302C78D9F767CF2F	good	-	-	1679259600.000000	1679864398.000000
1679415104.413935	FKEqZlQw86QHakKab	sha1	48DAC9A0FB2BD32D4FF0DE68D2F567B735F9B3C4	142EB317B75856CBAE500940E61FAF9D8B14C2C6	032B52FC8756021DA584302C78D9F767CF2F	good	-	-	1679259600.000000	1679864398.000000
1679415104.426450	FU1XT91nnLVvcpw8j5	sha1	48DAC9A0FB2BD32D4FF0DE68D2F567B735F9B3C4	142EB317B75856CBAE500940E61FAF9D8B14C2C6	03277E73BB037BB085A8ABF22E19A3B18564	good	-	-	1679360400.000000	1679965198.000000
1679415104.440046	F9Lg3DWbhDqhocDnc	sha1	8F7702DC0E21D05E555FA7C877EE1AE931EAD382	4FCBACA8C2EFABDD836F6BBFCE983D5C58257615	34CF7FBFC506E6A53BA9E815	good	-	-	1679427318.000000	1679772917.000000
1679415104.501494	F6AIxE3rA6FFhrF1qd	sha1	84D56BF8098BD307B766D8E1EBAD6596AA6B6761	F5CDD53C0850F96A4F3AB797DA5683E669D268F7	4689635D4E22CD737D3AE324	good	-	-	1679421993.000000	1679767592.000000
1679415104.506731	F6vWYq387DVtGYbTEk	sha1	8F7702DC0E21D05E555FA7C877EE1AE931EAD382	4FCBACA8C2EFABDD836F6BBFCE983D5C58257615	48D4276650DD71ED63500975	good	-	-	1679418464.000000	1679764063.000000
1679415104.513392	F5rzx51pp93kOnFkx2	sha1	84D56BF8098BD307B766D8E1EBAD6596AA6B6761	F5CDD53C0850F96A4F3AB797DA5683E669D268F7	364D1B9931B799C11447F9BB	good	-	-	1679427488.000000	1679773087.000000
1679415104.563251	Fmj1zt1FTiEesfM8Fc	sha1	21F3459A10CAA6C84BDA1E3962B127D5338A7C48	17D9D6252767F931C24943D93036448C6CA94FEB	E76A2BE69DC8A7AC12D413316B389890	good	-	-	1679152261.000000	1679757060.000000
1679415104.696755	FLxUpD2rZRtdsUANxb	sha1	48DAC9A0FB2BD32D4FF0DE68D2F567B735F9B3C4	142EB317B75856CBAE500940E61FAF9D8B14C2C6	03144B8F4168BDC2931D200045ECD797E85B	good	-	-	1679310000.000000	1679914798.000000
1679415107.615808	FAhE6a1uxunSvAw75d	sha1	48DAC9A0FB2BD32D4FF0DE68D2F567B735F9B3C4	142EB317B75856CBAE500940E61FAF9D8B14C2C6	041E757E5E023C8370910497F0B9E52FFCA5	good	-	-	1679310000.000000	1679914798.000000
1679415110.137170	F250bH2UZy3iq0zabh	sha1	6B7064FE6A7443DC2D6D5B79ECACA7AE5C2EC33F	F8EF7FF2CD7867A8DE6F8F248D88F1870302B3EB	054FE6C075D2DAD96C0839AD	good	-	-	1679422393.000000	1679767992.000000
1679415110.218378	FhRVue2IRXwcdfaAs1	sha1	933232B4DE7362628418BEEE08CF27E7F4E24D74	587B8E752AFE6180AA904001AED6E807466E3F48	15EBA7EECEA78482970D5E0A	good	-	-	1679424946.000000	1679770545.000000
1679415111.598549	FBhH1P3eJ2daI5jH66	sha1	933232B4DE7362628418BEEE08CF27E7F4E24D74	587B8E752AFE6180AA904001AED6E807466E3F48	1735AFF4AFE0F4CDBCC46CAF	good	-	-	1679422596.000000	1679768195.000000
1679415112.037303	FEC8qn1Ilb9ZmfsaX3	sha1	6B7064FE6A7443DC2D6D5B79ECACA7AE5C2EC33F	F8EF7FF2CD7867A8DE6F8F248D88F1870302B3EB	054FE6C075D2DAD96C0839AD	good	-	-	1679422393.000000	1679767992.000000
1679415112.078746	FmKMxw4vwhIzJhdzH8	sha1	933232B4DE7362628418BEEE08CF27E7F4E24D74	587B8E752AFE6180AA904001AED6E807466E3F48	51848FB63C7BC694228BB4E5	good	-	-	1679426118.000000	1679771717.000000
1679415112.079464	FkJ2vC425IpF43TBBf	sha1	6B7064FE6A7443DC2D6D5B79ECACA7AE5C2EC33F	F8EF7FF2CD7867A8DE6F8F248D88F1870302B3EB	054FE6C075D2DAD96C0839AD	good	-	-	1679422393.000000	1679767992.000000
1679415112.087225	FFG0TkId5QVRD3nC2	sha1	6B7064FE6A7443DC2D6D5B79ECACA7AE5C2EC33F	F8EF7FF2CD7867A8DE6F8F248D88F1870302B3EB	054FE6C075D2DAD96C0839AD	good	-	-	1679422393.000000	1679767992.000000
1679415112.117079	FHZSLs1qTZfpXsw0kb	sha1	933232B4DE7362628418BEEE08CF27E7F4E24D74	587B8E752AFE6180AA904001AED6E807466E3F48	51848FB63C7BC694228BB4E5	good	-	-	1679426118.000000	1679771717.000000
1679415112.117079	FMbOmlO52K4IxyWt8	sha1	933232B4DE7362628418BEEE08CF27E7F4E24D74	587B8E752AFE6180AA904001AED6E807466E3F48	51848FB63C7BC694228BB4E5	good	-	-	1679426118.000000	1679771717.000000
1679415112.599479	FgVURd2qP9hVvK4MH5	sha1	933232B4DE7362628418BEEE08CF27E7F4E24D74	587B8E752AFE6180AA904001AED6E807466E3F48	601162BCF0D07A51984710F5	good	-	-	1679423627.000000	1679769226.000000
1679415112.602007	FNBEBi2YSswSf0V5Oi	sha1	6B7064FE6A7443DC2D6D5B79ECACA7AE5C2EC33F	F8EF7FF2CD7867A8DE6F8F248D88F1870302B3EB	74A759A56130A4FE501EBF69	good	-	-	1679422329.000000	1679767928.000000
1679415113.848044	F489JI1yJMfnYxJDph	sha1	6B7064FE6A7443DC2D6D5B79ECACA7AE5C2EC33F	F8EF7FF2CD7867A8DE6F8F248D88F1870302B3EB	28BD3954B9F9645CA6F51E19	good	-	-	1679424015.000000	1679769614.000000
1679415113.852098	FCVnSS2emeTsyFDc39	sha1	6B7064FE6A7443DC2D6D5B79ECACA7AE5C2EC33F	F8EF7FF2CD7867A8DE6F8F248D88F1870302B3EB	28BD3954B9F9645CA6F51E19	good	-	-	1679424015.000000	1679769614.000000
1679415139.386006	F7LIGCp44ue4Ih3w8	sha1	48DAC9A0FB2BD32D4FF0DE68D2F567B735F9B3C4	142EB317B75856CBAE500940E61FAF9D8B14C2C6	04D33A980BCA89C8698982B9E3E3488E1A91	good	-	-	1679263200.000000	1679867998.000000
1679415139.858099	FKw4IL3JshBdnllKXj	sha1	430BD20E4F137A1A6C918F24E5DA7E324D4733C8	8D8C5EC454AD8AE177E99BF99B05E1B8018D61E1	D3C6B62E06C322531480FED200620661	good	-	-	1679328459.000000	1679933258.000000
1679415140.194570	FAVkk54J2kXlTgibMe	sha1	933232B4DE7362628418BEEE08CF27E7F4E24D74	587B8E752AFE6180AA904001AED6E807466E3F48	1735AFF4AFE0F4CDBCC46CAF	good	-	-	1679422596.000000	1679768195.000000
1679415140.226233	FwJzJ44gHQ9X3HWI6	sha1	933232B4DE7362628418BEEE08CF27E7F4E24D74	587B8E752AFE6180AA904001AED6E807466E3F48	1735AFF4AFE0F4CDBCC46CAF	good	-	-	1679422596.000000	1679768195.000000
1679415140.244021	F2wZfy29cyon1YeEj1	sha1	C72E798ADDFF6134B3BAED4742B8BBC6C0240763	8A747FAF85CDEE95CD3D9CD0E24614F371351D27	B7C4DE6ECDBE662A0ADBA79728BBF7F5	good	-	-	1679322687.000000	1679923886.000000
1679415141.050850	Fyp3ll2CNAMoOqrJNi	sha1	933232B4DE7362628418BEEE08CF27E7F4E24D74	587B8E752AFE6180AA904001AED6E807466E3F48	51848FB63C7BC694228BB4E5	good	-	-	1679426118.000000	1679771717.000000
1679415141.056469	FSDb8J2FLV5txIWZc3	sha1	933232B4DE7362628418BEEE08CF27E7F4E24D74	587B8E752AFE6180AA904001AED6E807466E3F48	51848FB63C7BC694228BB4E5	good	-	-	1679426118.000000	1679771717.000000
1679415141.062598	Fp8xasmTEL0butG1	sha1	933232B4DE7362628418BEEE08CF27E7F4E24D74	587B8E752AFE6180AA904001AED6E807466E3F48	51848FB63C7BC694228BB4E5	good	-	-	1679426118.000000	1679771717.000000
1679415141.093224	FYGA6W3hvHesKRntRj	sha1	933232B4DE7362628418BEEE08CF27E7F4E24D74	587B8E752AFE6180AA904001AED6E807466E3F48	51848FB63C7BC694228BB4E5	good	-	-	1679426118.000000	1679771717.000000
1679415141.106893	FYhVG348ibYvk69wua	sha1	933232B4DE7362628418BEEE08CF27E7F4E24D74	587B8E752AFE6180AA904001AED6E807466E3F48	51848FB63C7BC694228BB4E5	good	-	-	1679426118.000000	1679771717.000000
1679415141.337031	Fz3yxa37jFiU7Sfd5c	sha1	C72E798ADDFF6134B3BAED4742B8BBC6C0240763	8A747FAF85CDEE95CD3D9CD0E24614F371351D27	5564783A36D9529112D91E78AAAD65D0	good	-	-	1679322686.000000	1679923885.000000
1679415141.556986	FlMoUz1AyUerCXQted	sha1	C72E798ADDFF6134B3BAED4742B8BBC6C0240763	8A747FAF85CDEE95CD3D9CD0E24614F371351D27	4851571D80125BF21290F95AAF281BEE	good	-	-	1679322945.000000	1679924144.000000
1679415141.568571	Fm8xsE1jkXmDjmhHWg	sha1	C72E798ADDFF6134B3BAED4742B8BBC6C0240763	8A747FAF85CDEE95CD3D9CD0E24614F371351D27	4851571D80125BF21290F95AAF281BEE	good	-	-	1679322945.000000	1679924144.000000
1679415141.574685	FKEWFt1gn3JzSzN9Wa	sha1	48DAC9A0FB2BD32D4FF0DE68D2F567B735F9B3C4	142EB317B75856CBAE500940E61FAF9D8B14C2C6	038E3F2847DED53715C7DBFC36067EE9FF6E	good	-	-	1679310000.000000	1679914798.000000
1679415141.580921	FS71pPD9bgANtUPm7	sha1	48DAC9A0FB2BD32D4FF0DE68D2F567B735F9B3C4	142EB317B75856CBAE500940E61FAF9D8B14C2C6	038E3F2847DED53715C7DBFC36067EE9FF6E	good	-	-	1679310000.000000	1679914798.000000
1679415141.979090	Fzb7es4XOoE83aec5k	sha1	48DAC9A0FB2BD32D4FF0DE68D2F567B735F9B3C4	142EB317B75856CBAE500940E61FAF9D8B14C2C6	046031C806A37508A3D62B06FCEBC135322B	good	-	-	1679320800.000000	1679925598.000000
1679415142.115498	F8KlQv2c3MXOpllBp2	sha1	48DAC9A0FB2BD32D4FF0DE68D2F567B735F9B3C4	142EB317B75856CBAE500940E61FAF9D8B14C2C6	039198DE719B29B4CC90EAFED297DC779BF8	good	-	-	1679310000.000000	1679914798.000000
1679415142.231853	FrY2gr4qam7V43Oacl	sha1	84D56BF8098BD307B766D8E1EBAD6596AA6B6761	F5CDD53C0850F96A4F3AB797DA5683E669D268F7	364D1B9931B799C11447F9BB	good	-	-	1679427488.000000	1679773087.000000
1679415142.279549	FuEknvEfQR1uRjiK	sha1	430BD20E4F137A1A6C918F24E5DA7E324D4733C8	8D8C5EC454AD8AE177E99BF99B05E1B8018D61E1	14B6BF0387DCD9C12F168E91545E7F0D	good	-	-	1679427665.000000	1680032464.000000
1679415142.341335	FtN4yWmoP1iue3sMj	sha1	A17551059D2110D201B9081B73338F1C3CC7BD5F	81B80E638A891218E5FA3B3B50959FE6E5901385	0D1D4B42D41A12D709F931759AC1A5CC	good	-	-	1679374982.000000	1679977082.000000
1679415142.571825	FXTyYM2iN6zpHUPyO4	sha1	8F7702DC0E21D05E555FA7C877EE1AE931EAD382	4FCBACA8C2EFABDD836F6BBFCE983D5C58257615	5BF2C6C67A848E3E2C44CF7F	good	-	-	1679426849.000000	1679772448.000000
1679415142.741204	FcuXyN1a9p2V4cozch	sha1	48DAC9A0FB2BD32D4FF0DE68D2F567B735F9B3C4	142EB317B75856CBAE500940E61FAF9D8B14C2C6	04E41E95DA9E9D5933259D02F9905345F0C1	good	-	-	1679263200.000000	1679867998.000000
1679415143.968840	FIycFh18ts60ZyUtM8	sha1	48DAC9A0FB2BD32D4FF0DE68D2F567B735F9B3C4	142EB317B75856CBAE500940E61FAF9D8B14C2C6	04615BE1130EE2B47A5DEE89E317F6DC45B7	good	-	-	1679281200.000000	1679885998.000000
1679415144.434095	FrER5R3D0exTUzopYl	sha1	48DAC9A0FB2BD32D4FF0DE68D2F567B735F9B3C4	142EB317B75856CBAE500940E61FAF9D8B14C2C6	034632EFFCCD7B8573A1F489791A7EB1AFB8	good	-	-	1679335200.000000	1679939998.000000
1679415145.380906	FtXOHZ1rh0wXaVvYH7	sha1	84D56BF8098BD307B766D8E1EBAD6596AA6B6761	F5CDD53C0850F96A4F3AB797DA5683E669D268F7	3D202AD77DD2C09059407C98	good	-	-	1679422781.000000	1679768380.000000
1679415145.387104	FbANEL2uunczbi0av4	sha1	84D56BF8098BD307B766D8E1EBAD6596AA6B6761	F5CDD53C0850F96A4F3AB797DA5683E669D268F7	3D202AD77DD2C09059407C98	good	-	-	1679422781.000000	1679768380.000000
1679415147.051737	Fz7hyziEb3VmE5Mx8	sha1	84D56BF8098BD307B766D8E1EBAD6596AA6B6761	F5CDD53C0850F96A4F3AB797DA5683E669D268F7	0C854705F759DD05D013E522	good	-	-	1679422136.000000	1679767735.000000
1679415147.108724	FPJg7XITMtQd5N2g9	sha1	8F7702DC0E21D05E555FA7C877EE1AE931EAD382	4FCBACA8C2EFABDD836F6BBFCE983D5C58257615	24739D619091606ED71D6021	good	-	-	1679417688.000000	1679763287.000000
1679415147.117073	FcWdUBzEEEyWzENt1	sha1	84D56BF8098BD307B766D8E1EBAD6596AA6B6761	F5CDD53C0850F96A4F3AB797DA5683E669D268F7	45AF17B0DBF738DD266B9384	good	-	-	1679418006.000000	1679763605.000000
1679415149.094133	FRlJQu3wzjuewhTtw8	sha1	2828E1C94506C213EDC35EAC058B3B41C4B61D87	0D98C0737FABBDBDD9474B49AD0A4A0CAC3EC77C	15CBE0D6C4CEC4867948F64B	good	-	-	1679427783.000000	1679773382.000000
1679415149.187742	FZVAZ52AcbLTKK7v8a	sha1	CF94DC5C304AA79485721F956E67895AC21657DD	F6850A3B1186E1047D0EAA0B2CD2EECC647B7BAE	AFC0A8FDE886E5E89BEB23E189A0D987	good	-	-	1679188182.000000	1679792981.000000
1679415149.223365	F2d5U11dYwkKK0IB3l	sha1	48DAC9A0FB2BD32D4FF0DE68D2F567B735F9B3C4	142EB317B75856CBAE500940E61FAF9D8B14C2C6	03C32C56BE49ADA42B483CF7A9EF6BC9543F	good	-	-	1679259600.000000	1679864398.000000
1679415149.226836	FBjdnz2tvo0fapszc6	sha1	48DAC9A0FB2BD32D4FF0DE68D2F567B735F9B3C4	142EB317B75856CBAE500940E61FAF9D8B14C2C6	032B52FC8756021DA584302C78D9F767CF2F	good	-	-	1679259600.000000	1679864398.000000
1679415149.226907	FFCtP14iiiicsBOUtl	sha1	48DAC9A0FB2BD32D4FF0DE68D2F567B735F9B3C4	142EB317B75856CBAE500940E61FAF9D8B14C2C6	040D3872C780B8345A98175621C1A91EAF23	good	-	-	1679320800.000000	1679925598.000000
1679415149.248654	Far6iy4mo7h7lhI0w1	sha1	8F7702DC0E21D05E555FA7C877EE1AE931EAD382	4FCBACA8C2EFABDD836F6BBFCE983D5C58257615	34CF7FBFC506E6A53BA9E815	good	-	-	1679427318.000000	1679772917.000000
1679415149.280279	FIlwLdLSx0GcxTH79	sha1	84D56BF8098BD307B766D8E1EBAD6596AA6B6761	F5CDD53C0850F96A4F3AB797DA5683E669D268F7	22DABC9B078E808CA27811BB	good	-	-	1679422923.000000	1679768522.000000
1679415151.926666	FY4AHA1twg1xiCfD9a	sha1	84D56BF8098BD307B766D8E1EBAD6596AA6B6761	F5CDD53C0850F96A4F3AB797DA5683E669D268F7	4689635D4E22CD737D3AE324	good	-	-	1679421993.000000	1679767592.000000
1679415154.060722	FAITBe14gUWVHYuP3l	sha1	6B7064FE6A7443DC2D6D5B79ECACA7AE5C2EC33F	F8EF7FF2CD7867A8DE6F8F248D88F1870302B3EB	7AFAC5189618DB1309C100B2	good	-	-	1679423999.000000	1679769598.000000
1679415154.137293	FAk5Fw2pGVSkkmKYI5	sha1	48DAC9A0FB2BD32D4FF0DE68D2F567B735F9B3C4	142EB317B75856CBAE500940E61FAF9D8B14C2C6	0329CCB8E6E0B7D0547810020473A5BBFEF5	good	-	-	1679263200.000000	1679867998.000000
1679415154.231525	F5OXf81pB7NPaZtiSk	sha1	48DAC9A0FB2BD32D4FF0DE68D2F567B735F9B3C4	142EB317B75856CBAE500940E61FAF9D8B14C2C6	0329CCB8E6E0B7D0547810020473A5BBFEF5	good	-	-	1679263200.000000	1679867998.000000
1679415154.241293	FudOvq3emIPWPHSri5	sha1	48DAC9A0FB2BD32D4FF0DE68D2F567B735F9B3C4	142EB317B75856CBAE500940E61FAF9D8B14C2C6	0329CCB8E6E0B7D0547810020473A5BBFEF5	good	-	-	1679263200.000000	1679867998.000000
1679415154.399987	F2bkJL1W0oPXPtemCf	sha1	2828E1C94506C213EDC35EAC058B3B41C4B61D87	0D98C0737FABBDBDD9474B49AD0A4A0CAC3EC77C	723E5578C5A3B58F71F43F1F	good	-	-	1679418759.000000	1679764358.000000
1679415155.084920	FzZICm1mAXFbawukK7	sha1	2828E1C94506C213EDC35EAC058B3B41C4B61D87	0D98C0737FABBDBDD9474B49AD0A4A0CAC3EC77C	723E5578C5A3B58F71F43F1F	good	-	-	1679418759.000000	1679764358.000000
1679415155.594088	F5ZRbL2OqPJnutiqRh	sha1	48DAC9A0FB2BD32D4FF0DE68D2F567B735F9B3C4	142EB317B75856CBAE500940E61FAF9D8B14C2C6	03E444FDA495386C5084D2AD0BCF6DD99B37	good	-	-	1679371200.000000	1679975998.000000
1679415155.606790	FN5iBe4OoCom5SOdV2	sha1	430BD20E4F137A1A6C918F24E5DA7E324D4733C8	8D8C5EC454AD8AE177E99BF99B05E1B8018D61E1	B66D1C341BCDA201C7E63A4624BAD5A3	good	-	-	1679371388.000000	1679976187.000000
1679415155.614849	F0s3Aa2MlHZdOEXSsc	sha1	430BD20E4F137A1A6C918F24E5DA7E324D4733C8	8D8C5EC454AD8AE177E99BF99B05E1B8018D61E1	DB345EB8FAA84C1C511487E57CE8D77C	good	-	-	1678870753.000000	1679475552.000000
1679415155.659457	FF8Y1A4zxFt6HQR7i9	sha1	48DAC9A0FB2BD32D4FF0DE68D2F567B735F9B3C4	142EB317B75856CBAE500940E61FAF9D8B14C2C6	04DEFC14776548A3FD19188549EB29767DAC	good	-	-	1679263200.000000	1679867998.000000
1679415155.683717	FhrzSX1wNBTpVFbjU8	sha1	2828E1C94506C213EDC35EAC058B3B41C4B61D87	0D98C0737FABBDBDD9474B49AD0A4A0CAC3EC77C	132D99B86D3CA77ADD54B24E	good	-	-	1679417431.000000	1679763030.000000
1679415155.697860	Fk0Rib4IqjZAgEwrU6	sha1	48DAC9A0FB2BD32D4FF0DE68D2F567B735F9B3C4	142EB317B75856CBAE500940E61FAF9D8B14C2C6	03A52C3FF942E5C63C1D901754904DC89123	good	-	-	1679320800.000000	1679925598.000000
1679415155.782337	FslHIc3g0G1cAAtWgl	sha1	48DAC9A0FB2BD32D4FF0DE68D2F567B735F9B3C4	142EB317B75856CBAE500940E61FAF9D8B14C2C6	032EFDAC40B67E7DE0ABFF7A2C76E4EF45C4	good	-	-	1679317200.000000	1679921998.000000
1679415155.782376	FP13Ln4GMnyONjxLEk	sha1	48DAC9A0FB2BD32D4FF0DE68D2F567B735F9B3C4	142EB317B75856CBAE500940E61FAF9D8B14C2C6	03277E73BB037BB085A8ABF22E19A3B18564	good	-	-	1679360400.000000	1679965198.000000
1679415155.782396	Fu060g2aKOgkaDNxhj	sha1	48DAC9A0FB2BD32D4FF0DE68D2F567B735F9B3C4	142EB317B75856CBAE500940E61FAF9D8B14C2C6	03B657A7A71F39D05792A250FDB318399772	good	-	-	1679263200.000000	1679867998.000000
1679415155.787542	F7Zo3ZkXGDiOggbi6	sha1	2828E1C94506C213EDC35EAC058B3B41C4B61D87	0D98C0737FABBDBDD9474B49AD0A4A0CAC3EC77C	723E5578C5A3B58F71F43F1F	good	-	-	1679418759.000000	1679764358.000000
1679415155.873481	FGkW9J3OWelIHEpK3b	sha1	48DAC9A0FB2BD32D4FF0DE68D2F567B735F9B3C4	142EB317B75856CBAE500940E61FAF9D8B14C2C6	040A0B04C068C6F1739FDC518D271188E776	good	-	-	1679259600.000000	1679864398.000000
1679415155.891385	F3gXEX3dQ5LUCqXUuc	sha1	2828E1C94506C213EDC35EAC058B3B41C4B61D87	0D98C0737FABBDBDD9474B49AD0A4A0CAC3EC77C	723E5578C5A3B58F71F43F1F	good	-	-	1679418759.000000	1679764358.000000
1679415155.975854	FfGoJN1gkenJAmHbcd	sha1	21F3459A10CAA6C84BDA1E3962B127D5338A7C48	17D9D6252767F931C24943D93036448C6CA94FEB	E76A2BE69DC8A7AC12D413316B389890	good	-	-	1679152261.000000	1679757060.000000
1679415156.063290	FNS14C1kQf2sswvcDe	sha1	48DAC9A0FB2BD32D4FF0DE68D2F567B735F9B3C4	142EB317B75856CBAE500940E61FAF9D8B14C2C6	030CDF566CA1BC3C88DB68B530BA7A3801DE	good	-	-	1679263200.000000	1679867998.000000
1679415157.428380	FN39nyXCIzIpHs4q8	sha1	8F7702DC0E21D05E555FA7C877EE1AE931EAD382	4FCBACA8C2EFABDD836F6BBFCE983D5C58257615	30ACDE209F54A6BC0BD845E2	good	-	-	1679422041.000000	1679767640.000000
1679415160.934101	F6H49w17B6YeArAte6	sha1	48DAC9A0FB2BD32D4FF0DE68D2F567B735F9B3C4	142EB317B75856CBAE500940E61FAF9D8B14C2C6	04A6F37AD337B39AFBFAE6A142488E9E0C32	good	-	-	1679259600.000000	1679864398.000000
1679415163.628762	FR8oOe1rxWoWn7Ilc3	sha1	6B7064FE6A7443DC2D6D5B79ECACA7AE5C2EC33F	F8EF7FF2CD7867A8DE6F8F248D88F1870302B3EB	1611FCECEE7D82FB39816F87	good	-	-	1679421903.000000	1679767502.000000
1679415164.034737	FsO5433nLxGlNMMKL9	sha1	6B7064FE6A7443DC2D6D5B79ECACA7AE5C2EC33F	F8EF7FF2CD7867A8DE6F8F248D88F1870302B3EB	38CC4D997BBF375B3CF0E597	good	-	-	1679426848.000000	1679772447.000000
1679415164.035947	F33HLo1BS034hdVQNg	sha1	6B7064FE6A7443DC2D6D5B79ECACA7AE5C2EC33F	F8EF7FF2CD7867A8DE6F8F248D88F1870302B3EB	38CC4D997BBF375B3CF0E597	good	-	-	1679426848.000000	1679772447.000000
1679415164.042612	Fp2qig2jvSJ09lGhFe	sha1	6B7064FE6A7443DC2D6D5B79ECACA7AE5C2EC33F	F8EF7FF2CD7867A8DE6F8F248D88F1870302B3EB	5C0F7CE5DC6FD78E9C217D69	good	-	-	1679421615.000000	1679767214.000000
1679415164.077608	FJI7Nh1a1BHq9qc2e1	sha1	6B7064FE6A7443DC2D6D5B79ECACA7AE5C2EC33F	F8EF7FF2CD7867A8DE6F8F248D88F1870302B3EB	38CC4D997BBF375B3CF0E597	good	-	-	1679426848.000000	1679772447.000000
1679415164.080926	FQ01eW1AcgoRZmDeM	sha1	6B7064FE6A7443DC2D6D5B79ECACA7AE5C2EC33F	F8EF7FF2CD7867A8DE6F8F248D88F1870302B3EB	5C0F7CE5DC6FD78E9C217D69	good	-	-	1679421615.000000	1679767214.000000
1679415165.172631	Fx8Zjt1H4Por2wkmA	sha1	6B7064FE6A7443DC2D6D5B79ECACA7AE5C2EC33F	F8EF7FF2CD7867A8DE6F8F248D88F1870302B3EB	634B8620A68978F32DDC1FCD	good	-	-	1679419268.000000	1679764867.000000
1679415165.227658	F09QTy3ECEi0k8Rh19	sha1	933232B4DE7362628418BEEE08CF27E7F4E24D74	587B8E752AFE6180AA904001AED6E807466E3F48	107276BDEFDDB95A75F938E4	good	-	-	1679424618.000000	1679770217.000000
1679415165.442945	FqfpAi1P3kIip4Npg7	sha1	933232B4DE7362628418BEEE08CF27E7F4E24D74	587B8E752AFE6180AA904001AED6E807466E3F48	107276BDEFDDB95A75F938E4	good	-	-	1679424618.000000	1679770217.000000
1679415166.381494	FwX9vo1Kz6lOneKOg3	sha1	6B7064FE6A7443DC2D6D5B79ECACA7AE5C2EC33F	F8EF7FF2CD7867A8DE6F8F248D88F1870302B3EB	57FC0635C1BBC7B71DF689D8	good	-	-	1679422841.000000	1679768440.000000
1679415166.399828	FSGPWl4jV8IdqlRwPb	sha1	933232B4DE7362628418BEEE08CF27E7F4E24D74	587B8E752AFE6180AA904001AED6E807466E3F48	1735AFF4AFE0F4CDBCC46CAF	good	-	-	1679422596.000000	1679768195.000000
1679415166.712308	FxLJqE3w102A3091Ck	sha1	933232B4DE7362628418BEEE08CF27E7F4E24D74	587B8E752AFE6180AA904001AED6E807466E3F48	51848FB63C7BC694228BB4E5	good	-	-	1679426118.000000	1679771717.000000
1679415166.717254	Fc7vFL20OhFIFJysn7	sha1	933232B4DE7362628418BEEE08CF27E7F4E24D74	587B8E752AFE6180AA904001AED6E807466E3F48	51848FB63C7BC694228BB4E5	good	-	-	1679426118.000000	1679771717.000000
1679415166.734166	F7MpMC4bQvJ1oQEBWb	sha1	933232B4DE7362628418BEEE08CF27E7F4E24D74	587B8E752AFE6180AA904001AED6E807466E3F48	51848FB63C7BC694228BB4E5	good	-	-	1679426118.000000	1679771717.000000
1679415166.739961	FMQTwZ2MCVPCKty19g	sha1	933232B4DE7362628418BEEE08CF27E7F4E24D74	587B8E752AFE6180AA904001AED6E807466E3F48	51848FB63C7BC694228BB4E5	good	-	-	1679426118.000000	1679771717.000000
1679415166.752542	FdUrrO1m1ur6PjmDO7	sha1	933232B4DE7362628418BEEE08CF27E7F4E24D74	587B8E752AFE6180AA904001AED6E807466E3F48	51848FB63C7BC694228BB4E5	good	-	-	1679426118.000000	1679771717.000000
1679415167.214718	FaNg3msyNt3yNVh2b	sha1	6B7064FE6A7443DC2D6D5B79ECACA7AE5C2EC33F	F8EF7FF2CD7867A8DE6F8F248D88F1870302B3EB	054FE6C075D2DAD96C0839AD	good	-	-	1679422393.000000	1679767992.000000
1679415167.214728	Fgw0by1WubPCoRJFh8	sha1	6B7064FE6A7443DC2D6D5B79ECACA7AE5C2EC33F	F8EF7FF2CD7867A8DE6F8F248D88F1870302B3EB	054FE6C075D2DAD96C0839AD	good	-	-	1679422393.000000	1679767992.000000
1679415167.357787	FJD3pI2ucfLMTsPfTh	sha1	48DAC9A0FB2BD32D4FF0DE68D2F567B735F9B3C4	142EB317B75856CBAE500940E61FAF9D8B14C2C6	0422F4DCF86F3E2E66E97C254259D35D1462	good	-	-	1679353200.000000	1679957998.000000
1679415168.240876	F1rm7f4WqltDOdxlTi	sha1	48DAC9A0FB2BD32D4FF0DE68D2F567B735F9B3C4	142EB317B75856CBAE500940E61FAF9D8B14C2C6	0329CCB8E6E0B7D0547810020473A5BBFEF5	good	-	-	1679263200.000000	1679867998.000000
1679415168.462612	FxWey92US6YL2rzGjh	sha1	48DAC9A0FB2BD32D4FF0DE68D2F567B735F9B3C4	142EB317B75856CBAE500940E61FAF9D8B14C2C6	0329CCB8E6E0B7D0547810020473A5BBFEF5	good	-	-	1679263200.000000	1679867998.000000
1679415168.464570	FXg8pE3mFzmFyfxQid	sha1	48DAC9A0FB2BD32D4FF0DE68D2F567B735F9B3C4	142EB317B75856CBAE500940E61FAF9D8B14C2C6	0329CCB8E6E0B7D0547810020473A5BBFEF5	good	-	-	1679263200.000000	1679867998.000000
1679415169.146310	F5DIplJ0JdwjBRHT2	sha1	48DAC9A0FB2BD32D4FF0DE68D2F567B735F9B3C4	142EB317B75856CBAE500940E61FAF9D8B14C2C6	03D10890F985D741EB165913156D0671A5B7	good	-	-	1679266800.000000	1679871598.000000
1679415169.179555	FxYKy23v13qZaecIt7	sha1	48DAC9A0FB2BD32D4FF0DE68D2F567B735F9B3C4	142EB317B75856CBAE500940E61FAF9D8B14C2C6	045DA301AE02D11C56470A8992E477698E13	good	-	-	1679367600.000000	1679972398.000000
1679415174.087954	FRGWUn2ACviJW2uSmb	sha1	48DAC9A0FB2BD32D4FF0DE68D2F567B735F9B3C4	142EB317B75856CBAE500940E61FAF9D8B14C2C6	04C84291323B2AAA2B147B67B4D4FF1A912C	good	-	-	1679259600.000000	1679864398.000000
1679415186.242122	Fo1pPP2qH7x3fRLq43	sha1	933232B4DE7362628418BEEE08CF27E7F4E24D74	587B8E752AFE6180AA904001AED6E807466E3F48	1735AFF4AFE0F4CDBCC46CAF	good	-	-	1679422596.000000	1679768195.000000
1679415186.687653	FtlqCk4MvI5qSyzDF7	sha1	933232B4DE7362628418BEEE08CF27E7F4E24D74	587B8E752AFE6180AA904001AED6E807466E3F48	51848FB63C7BC694228BB4E5	good	-	-	1679426118.000000	1679771717.000000
1679415186.690084	FjLZPa1jRFfbHC20ek	sha1	933232B4DE7362628418BEEE08CF27E7F4E24D74	587B8E752AFE6180AA904001AED6E807466E3F48	51848FB63C7BC694228BB4E5	good	-	-	1679426118.000000	1679771717.000000
1679415186.693700	Fh6Hy018j9rJMSq4me	sha1	933232B4DE7362628418BEEE08CF27E7F4E24D74	587B8E752AFE6180AA904001AED6E807466E3F48	51848FB63C7BC694228BB4E5	good	-	-	1679426118.000000	1679771717.000000
1679415186.695594	FSMfsf3UdW8qMFGB83	sha1	933232B4DE7362628418BEEE08CF27E7F4E24D74	587B8E752AFE6180AA904001AED6E807466E3F48	51848FB63C7BC694228BB4E5	good	-	-	1679426118.000000	1679771717.000000
1679415187.418639	FVmYIh1doIfeGLC195	sha1	933232B4DE7362628418BEEE08CF27E7F4E24D74	587B8E752AFE6180AA904001AED6E807466E3F48	3C8896E23E10A38F2E0ED573	good	-	-	1679425848.000000	1679771447.000000
1679415187.418678	FJ1UuGuixT584je6a	sha1	6B7064FE6A7443DC2D6D5B79ECACA7AE5C2EC33F	F8EF7FF2CD7867A8DE6F8F248D88F1870302B3EB	054FE6C075D2DAD96C0839AD	good	-	-	1679422393.000000	1679767992.000000
1679415187.676066	FK8T2q1wJe4aJFSlh7	sha1	933232B4DE7362628418BEEE08CF27E7F4E24D74	587B8E752AFE6180AA904001AED6E807466E3F48	15EBA7EECEA78482970D5E0A	good	-	-	1679424946.000000	1679770545.000000
1679415215.088326	F6oDlHdJC1BWu71ja	sha1	C72E798ADDFF6134B3BAED4742B8BBC6C0240763	8A747FAF85CDEE95CD3D9CD0E24614F371351D27	9F745ADAD950AC1F121D53C904F3D7DA	good	-	-	1679322947.000000	1679924146.000000
1679415215.090243	FxWqAJ3NRkj2xwAQ85	sha1	933232B4DE7362628418BEEE08CF27E7F4E24D74	587B8E752AFE6180AA904001AED6E807466E3F48	1735AFF4AFE0F4CDBCC46CAF	good	-	-	1679422596.000000	1679768195.000000
1679415215.092116	FcKsCt2OFgllVhofQ8	sha1	C72E798ADDFF6134B3BAED4742B8BBC6C0240763	8A747FAF85CDEE95CD3D9CD0E24614F371351D27	5564783A36D9529112D91E78AAAD65D0	good	-	-	1679322686.000000	1679923885.000000
1679415215.094521	FIENFx403Qte79E3Q5	sha1	C72E798ADDFF6134B3BAED4742B8BBC6C0240763	8A747FAF85CDEE95CD3D9CD0E24614F371351D27	5564783A36D9529112D91E78AAAD65D0	good	-	-	1679322686.000000	1679923885.000000
1679415215.100941	FUTYwWtDYLZ1zNuJ4	sha1	933232B4DE7362628418BEEE08CF27E7F4E24D74	587B8E752AFE6180AA904001AED6E807466E3F48	1735AFF4AFE0F4CDBCC46CAF	good	-	-	1679422596.000000	1679768195.000000
1679415215.161119	Fpxlum101hNBedKE9h	sha1	C72E798ADDFF6134B3BAED4742B8BBC6C0240763	8A747FAF85CDEE95CD3D9CD0E24614F371351D27	B7C4DE6ECDBE662A0ADBA79728BBF7F5	good	-	-	1679409413.000000	1680010612.000000
1679415215.162274	FNaV3G15xPPRGhj2Xj	sha1	C72E798ADDFF6134B3BAED4742B8BBC6C0240763	8A747FAF85CDEE95CD3D9CD0E24614F371351D27	1E28928F53138DD70A73D36F20C58ED7	good	-	-	1679322956.000000	1679924155.000000
1679415215.394933	Fa6Ghx4tEYZ0Xhnd6b	sha1	933232B4DE7362628418BEEE08CF27E7F4E24D74	587B8E752AFE6180AA904001AED6E807466E3F48	51848FB63C7BC694228BB4E5	good	-	-	1679426118.000000	1679771717.000000
1679415215.394938	FgifPe1cLCKEZRNmw	sha1	933232B4DE7362628418BEEE08CF27E7F4E24D74	587B8E752AFE6180AA904001AED6E807466E3F48	51848FB63C7BC694228BB4E5	good	-	-	1679426118.000000	1679771717.000000
1679415215.442010	FmwkGY2njp7b5YEEc	sha1	48DAC9A0FB2BD32D4FF0DE68D2F567B735F9B3C4	142EB317B75856CBAE500940E61FAF9D8B14C2C6	039198DE719B29B4CC90EAFED297DC779BF8	good	-	-	1679310000.000000	1679914798.000000
1679415215.446504	FmveDvKLbIgCT3dFf	sha1	8F7702DC0E21D05E555FA7C877EE1AE931EAD382	4FCBACA8C2EFABDD836F6BBFCE983D5C58257615	30ACDE209F54A6BC0BD845E2	good	-	-	1679422041.000000	1679767640.000000
1679415215.536668	F9TqZE22S3Xfe2aHj5	sha1	48DAC9A0FB2BD32D4FF0DE68D2F567B735F9B3C4	142EB317B75856CBAE500940E61FAF9D8B14C2C6	030CDF566CA1BC3C88DB68B530BA7A3801DE	good	-	-	1679263200.000000	1679867998.000000
1679415215.596215	FyZ85L1pV4vn0IsGAe	sha1	6B7064FE6A7443DC2D6D5B79ECACA7AE5C2EC33F	F8EF7FF2CD7867A8DE6F8F248D88F1870302B3EB	5DDBD36F555BBF5E2906475C	good	-	-	1679421470.000000	1679767069.000000
1679415215.600253	FC4bwd1wUmPYot8tWc	sha1	C72E798ADDFF6134B3BAED4742B8BBC6C0240763	8A747FAF85CDEE95CD3D9CD0E24614F371351D27	4851571D80125BF21290F95AAF281BEE	good	-	-	1679322945.000000	1679924144.000000
1679415215.616805	FKjiVX3qbQlkgNut53	sha1	C72E798ADDFF6134B3BAED4742B8BBC6C0240763	8A747FAF85CDEE95CD3D9CD0E24614F371351D27	4851571D80125BF21290F95AAF281BEE	good	-	-	1679322945.000000	1679924144.000000
1679415215.634508	F8MGAU2D7iyKWnz0ud	sha1	C72E798ADDFF6134B3BAED4742B8BBC6C0240763	8A747FAF85CDEE95CD3D9CD0E24614F371351D27	4851571D80125BF21290F95AAF281BEE	good	-	-	1679322945.000000	1679924144.000000
1679415215.634508	F74DGL3V1CqN6qrlw1	sha1	C72E798ADDFF6134B3BAED4742B8BBC6C0240763	8A747FAF85CDEE95CD3D9CD0E24614F371351D27	4851571D80125BF21290F95AAF281BEE	good	-	-	1679410841.000000	1680012040.000000
1679415215.741627	F9LGGZABOJ560I8Sc	sha1	48DAC9A0FB2BD32D4FF0DE68D2F567B735F9B3C4	142EB317B75856CBAE500940E61FAF9D8B14C2C6	04A16074237E0EA7A328EE1B6D323F824A16	good	-	-	1679234400.000000	1679839198.000000
1679415216.237405	FxyTFf38wqj9lC8loh	sha1	430BD20E4F137A1A6C918F24E5DA7E324D4733C8	8D8C5EC454AD8AE177E99BF99B05E1B8018D61E1	14B6BF0387DCD9C12F168E91545E7F0D	good	-	-	1679427665.000000	1680032464.000000
1679415216.751606	Fnm20o1uVIcpQkFQHb	sha1	6B7064FE6A7443DC2D6D5B79ECACA7AE5C2EC33F	F8EF7FF2CD7867A8DE6F8F248D88F1870302B3EB	054FE6C075D2DAD96C0839AD	good	-	-	1679422393.000000	1679767992.000000
1679415216.804517	FaYwdw2tzkpx3lKb6b	sha1	933232B4DE7362628418BEEE08CF27E7F4E24D74	587B8E752AFE6180AA904001AED6E807466E3F48	3C8896E23E10A38F2E0ED573	good	-	-	1679425848.000000	1679771447.000000
1679415217.117875	FeunYbLfoAhosOOu3	sha1	933232B4DE7362628418BEEE08CF27E7F4E24D74	587B8E752AFE6180AA904001AED6E807466E3F48	15EBA7EECEA78482970D5E0A	good	-	-	1679424946.000000	1679770545.000000
1679415238.050712	FhCpzs4WX7xwM7BYU4	sha1	6B7064FE6A7443DC2D6D5B79ECACA7AE5C2EC33F	F8EF7FF2CD7867A8DE6F8F248D88F1870302B3EB	038F84B736E22C0D9F8EFB8C	good	-	-	1679427018.000000	1679772617.000000
1679415256.811330	Fp54hE1u2twnkLLyG3	sha1	48DAC9A0FB2BD32D4FF0DE68D2F567B735F9B3C4	142EB317B75856CBAE500940E61FAF9D8B14C2C6	03BE60C172D3B875F0247F7C87BB83086AC7	good	-	-	1679382000.000000	1679986798.000000
1679415257.184206	FzITZ64GlTvyVlzO44	sha1	C72E798ADDFF6134B3BAED4742B8BBC6C0240763	8A747FAF85CDEE95CD3D9CD0E24614F371351D27	B7C4DE6ECDBE662A0ADBA79728BBF7F5	good	-	-	1679322687.000000	1679923886.000000
1679415257.186170	Fqogjz2K3xkCvOwGM2	sha1	C72E798ADDFF6134B3BAED4742B8BBC6C0240763	8A747FAF85CDEE95CD3D9CD0E24614F371351D27	5564783A36D9529112D91E78AAAD65D0	good	-	-	1679409411.000000	1680010610.000000
1679415267.716341	FCme1s1Rz53M1MJP8h	sha1	EC4A2797F8915935139678B3E8C8A21D097B312E	D5FC9E0DDF1ECADD0897976E2BC55FC52BF5ECB8	58C6CFEA70D4E545113238CCB2C99698	good	-	-	1679269275.000000	1679870474.000000
1679415268.212317	FPQ8mEc2SyJDtt4Q7	sha1	C72E798ADDFF6134B3BAED4742B8BBC6C0240763	8A747FAF85CDEE95CD3D9CD0E24614F371351D27	5564783A36D9529112D91E78AAAD65D0	good	-	-	1679409411.000000	1680010610.000000
1679415268.414401	FrybY434ZaekHKCHRg	sha1	C72E798ADDFF6134B3BAED4742B8BBC6C0240763	8A747FAF85CDEE95CD3D9CD0E24614F371351D27	4851571D80125BF21290F95AAF281BEE	good	-	-	1679322945.000000	1679924144.000000
1679415268.415928	Fni7Bn1ul55CQwSXU5	sha1	C72E798ADDFF6134B3BAED4742B8BBC6C0240763	8A747FAF85CDEE95CD3D9CD0E24614F371351D27	4851571D80125BF21290F95AAF281BEE	good	-	-	1679322945.000000	1679924144.000000
1679415268.415937	FBJ8Tf49EzVE4YiGX7	sha1	C72E798ADDFF6134B3BAED4742B8BBC6C0240763	8A747FAF85CDEE95CD3D9CD0E24614F371351D27	4851571D80125BF21290F95AAF281BEE	good	-	-	1679322945.000000	1679924144.000000
1679415268.439383	FH1ts43diVbebIoIF8	sha1	C72E798ADDFF6134B3BAED4742B8BBC6C0240763	8A747FAF85CDEE95CD3D9CD0E24614F371351D27	4851571D80125BF21290F95AAF281BEE	good	-	-	1679322945.000000	1679924144.000000
1679415268.447073	F7Yejs7xSTWjvMuX1	sha1	C72E798ADDFF6134B3BAED4742B8BBC6C0240763	8A747FAF85CDEE95CD3D9CD0E24614F371351D27	4851571D80125BF21290F95AAF281BEE	good	-	-	1679322945.000000	1679924144.000000
1679415268.911146	F2G7Wc2D2LhUQXjyGl	sha1	C72E798ADDFF6134B3BAED4742B8BBC6C0240763	8A747FAF85CDEE95CD3D9CD0E24614F371351D27	B7C4DE6ECDBE662A0ADBA79728BBF7F5	good	-	-	1679322687.000000	1679923886.000000
1679415269.350703	FF48lyHVcLdDMyio6	sha1	2828E1C94506C213EDC35EAC058B3B41C4B61D87	0D98C0737FABBDBDD9474B49AD0A4A0CAC3EC77C	5A7DACCA7AF55AB1E10961B8	good	-	-	1679421899.000000	1679767498.000000
1679415270.331577	F9BKch4b0frmr92HOf	sha1	C72E798ADDFF6134B3BAED4742B8BBC6C0240763	8A747FAF85CDEE95CD3D9CD0E24614F371351D27	6B4B1F8B614C88FD121849E8B347CB7E	good	-	-	1679322945.000000	1679924144.000000
1679415297.233452	FBUvOt6zTdOVtfagh	sha1	C72E798ADDFF6134B3BAED4742B8BBC6C0240763	8A747FAF85CDEE95CD3D9CD0E24614F371351D27	B7C4DE6ECDBE662A0ADBA79728BBF7F5	good	-	-	1679322687.000000	1679923886.000000
1679415297.233499	FLXycI1x4IK9r74Sz4	sha1	C72E798ADDFF6134B3BAED4742B8BBC6C0240763	8A747FAF85CDEE95CD3D9CD0E24614F371351D27	B7C4DE6ECDBE662A0ADBA79728BBF7F5	good	-	-	1679322687.000000	1679923886.000000
1679415297.683937	F21eOV13c7ke3iML9c	sha1	B6080D5F6C6B76EB13E438A5F8660BA85233344E	40C2BD278ECC348330A233D7FB6CB3F0B42C80CE	0A8EF72E968E028B	good	-	-	1679358462.000000	1679488062.000000
1679415298.082752	FUqyhsaKn28rnwvRa	sha1	84D56BF8098BD307B766D8E1EBAD6596AA6B6761	F5CDD53C0850F96A4F3AB797DA5683E669D268F7	35E8ABA565F5005A50A82DE6	good	-	-	1679418935.000000	1679764534.000000
1679415332.287812	F1WsQd4AekPM1eT7Cb	sha1	B6080D5F6C6B76EB13E438A5F8660BA85233344E	40C2BD278ECC348330A233D7FB6CB3F0B42C80CE	B126525B8AEBA29A	good	-	-	1679360556.000000	1679490156.000000
1679415332.542035	FrPJrm21rSodb7VSz3	sha1	8C0450EA53434941D65D1065376E4863D05A11AD	25E2180EB25791942AE5D45D869083DE53B3B892	3A139122AD97D31209A5B8281461C655	good	-	-	1679344404.000000	1679945603.000000
1679415332.649002	F7SDY3412M7e8UxW5i	sha1	B6080D5F6C6B76EB13E438A5F8660BA85233344E	40C2BD278ECC348330A233D7FB6CB3F0B42C80CE	4A20609368789C36	good	-	-	1679414693.000000	1679544293.000000
1679415332.705023	FhJCGe1o1JNbp6wts4	sha1	8C0450EA53434941D65D1065376E4863D05A11AD	25E2180EB25791942AE5D45D869083DE53B3B892	3A139122AD97D31209A5B8281461C655	good	-	-	1679344404.000000	1679945603.000000
1679415332.706715	FePLNG3JN5TdUcGrj6	sha1	B6080D5F6C6B76EB13E438A5F8660BA85233344E	40C2BD278ECC348330A233D7FB6CB3F0B42C80CE	4A20609368789C36	good	-	-	1679414693.000000	1679544293.000000
1679415332.727603	FwmQfp3z4gkKhPXaz7	sha1	B6080D5F6C6B76EB13E438A5F8660BA85233344E	40C2BD278ECC348330A233D7FB6CB3F0B42C80CE	4A20609368789C36	good	-	-	1679414693.000000	1679544293.000000
1679415332.727627	FAwjkd2oFqBJPElIqi	sha1	B6080D5F6C6B76EB13E438A5F8660BA85233344E	40C2BD278ECC348330A233D7FB6CB3F0B42C80CE	4A20609368789C36	good	-	-	1679414693.000000	1679544293.000000
#close	2023-03-21-12-17-09
